#
# There is insufficient memory for the Java Runtime Environment to continue.
# Native memory allocation (malloc) failed to allocate 32744 bytes for Chunk::new
# Possible reasons:
#   The system is out of physical RAM or swap space
#   The process is running with CompressedOops enabled, and the Java Heap may be blocking the growth of the native heap
# Possible solutions:
#   Reduce memory load on the system
#   Increase physical memory or swap space
#   Check if swap backing store is full
#   Decrease Java heap size (-Xmx/-Xms)
#   Decrease number of Java threads
#   Decrease Java thread stack sizes (-Xss)
#   Set larger code cache with -XX:ReservedCodeCacheSize=
#   JVM is running with Unscaled Compressed Oops mode in which the Java heap is
#     placed in the first 4GB address space. The Java Heap base address is the
#     maximum limit for the native heap growth. Please use -XX:HeapBaseMinAddress
#     to set the Java Heap base and to place the Java Heap above 4GB virtual address.
# This output file may be truncated or incomplete.
#
#  Out of Memory Error (arena.cpp:168), pid=11400, tid=11524
#
# JRE version: Java(TM) SE Runtime Environment (21.0.6+8) (build 21.0.6+8-LTS-188)
# Java VM: Java HotSpot(TM) 64-Bit Server VM (21.0.6+8-LTS-188, mixed mode, sharing, tiered, compressed oops, compressed class ptrs, g1 gc, windows-amd64)
# No core dump will be written. Minidumps are not enabled by default on client versions of Windows
#

---------------  S U M M A R Y ------------

Command Line: -javaagent:C:\Program Files\JetBrains\IntelliJ IDEA Community Edition 2024.3.2.2\lib\idea_rt.jar=52978:C:\Program Files\JetBrains\IntelliJ IDEA Community Edition 2024.3.2.2\bin -Dfile.encoding=UTF-8 -Dsun.stdout.encoding=UTF-8 -Dsun.stderr.encoding=UTF-8 com.api.boleteria.MiApplicationImpl

Host: Intel(R) Core(TM) i3-4170 CPU @ 3.70GHz, 4 cores, 7G,  Windows 10 , 64 bit Build 19041 (10.0.19041.5438)
Time: Mon Oct 27 11:04:57 2025 Hora estándar de Argentina elapsed time: 18.262060 seconds (0d 0h 0m 18s)

---------------  T H R E A D  ---------------

Current thread (0x000001bbff7cac00):  JavaThread "C2 CompilerThread0" daemon [_thread_in_native, id=11524, stack(0x0000003210f00000,0x0000003211000000) (1024K)]


Current CompileTask:
C2:  18262 7723 %     4       java.util.Properties$LineReader::readLine @ 293 (584 bytes)

Stack: [0x0000003210f00000,0x0000003211000000]
Native frames: (J=compiled Java code, j=interpreted, Vv=VM code, C=native code)
V  [jvm.dll+0x6ca6d9]
V  [jvm.dll+0x854f51]
V  [jvm.dll+0x85747e]
V  [jvm.dll+0x857b53]
V  [jvm.dll+0x27dcc6]
V  [jvm.dll+0xc4c2d]
V  [jvm.dll+0xc5163]
V  [jvm.dll+0x654e0b]
V  [jvm.dll+0x654faf]
V  [jvm.dll+0x654faf]
V  [jvm.dll+0x65aa19]
V  [jvm.dll+0x65ba16]
V  [jvm.dll+0x659d6d]
V  [jvm.dll+0x2467a5]
V  [jvm.dll+0x245eff]
V  [jvm.dll+0x1c6d2e]
V  [jvm.dll+0x2554f9]
V  [jvm.dll+0x253a8a]
V  [jvm.dll+0x3ee576]
V  [jvm.dll+0x7ff2fb]
V  [jvm.dll+0x6c8dbd]
C  [ucrtbase.dll+0x21bb2]
C  [KERNEL32.DLL+0x17374]
C  [ntdll.dll+0x4cc91]


---------------  P R O C E S S  ---------------

Threads class SMR info:
_java_thread_list=0x000001bbda7f5d70, length=31, elements={
0x000001bbff7c1850, 0x000001bbff7c5580, 0x000001bbff7c6fe0, 0x000001bbff7c8240,
0x000001bbff7c8c90, 0x000001bbff7c96e0, 0x000001bbff7cac00, 0x000001bbff7fa020,
0x000001bbffae3f20, 0x000001bbd63a6640, 0x000001bbffd38330, 0x000001bbd8df7440,
0x000001bbd8df7aa0, 0x000001bbd8df8100, 0x000001bbd9fc4130, 0x000001bbd9fc3410,
0x000001bbd9fc2d80, 0x000001bbd9fc2060, 0x000001bbd9fc3aa0, 0x000001bbd9fc47c0,
0x000001bbd9fc54e0, 0x000001bbd9fc26f0, 0x000001bbd7567a70, 0x000001bbd756dce0,
0x000001bbd756a1d0, 0x000001bbd756b580, 0x000001bbd756e370, 0x000001bbd7568e20,
0x000001bbd756ea00, 0x000001bbd756c930, 0x000001bbd756f090
}

Java Threads: ( => current thread )
  0x000001bbff7c1850 JavaThread "Reference Handler"          daemon [_thread_blocked, id=6292, stack(0x0000003210900000,0x0000003210a00000) (1024K)]
  0x000001bbff7c5580 JavaThread "Finalizer"                  daemon [_thread_blocked, id=7816, stack(0x0000003210a00000,0x0000003210b00000) (1024K)]
  0x000001bbff7c6fe0 JavaThread "Signal Dispatcher"          daemon [_thread_blocked, id=992, stack(0x0000003210b00000,0x0000003210c00000) (1024K)]
  0x000001bbff7c8240 JavaThread "Attach Listener"            daemon [_thread_blocked, id=4800, stack(0x0000003210c00000,0x0000003210d00000) (1024K)]
  0x000001bbff7c8c90 JavaThread "Service Thread"             daemon [_thread_blocked, id=3196, stack(0x0000003210d00000,0x0000003210e00000) (1024K)]
  0x000001bbff7c96e0 JavaThread "Monitor Deflation Thread"   daemon [_thread_blocked, id=888, stack(0x0000003210e00000,0x0000003210f00000) (1024K)]
=>0x000001bbff7cac00 JavaThread "C2 CompilerThread0"         daemon [_thread_in_native, id=11524, stack(0x0000003210f00000,0x0000003211000000) (1024K)]
  0x000001bbff7fa020 JavaThread "C1 CompilerThread0"         daemon [_thread_blocked, id=2604, stack(0x0000003211000000,0x0000003211100000) (1024K)]
  0x000001bbffae3f20 JavaThread "Common-Cleaner"             daemon [_thread_blocked, id=4604, stack(0x0000003211100000,0x0000003211200000) (1024K)]
  0x000001bbd63a6640 JavaThread "Monitor Ctrl-Break"         daemon [_thread_in_native, id=5668, stack(0x0000003211300000,0x0000003211400000) (1024K)]
  0x000001bbffd38330 JavaThread "Notification Thread"        daemon [_thread_blocked, id=2840, stack(0x0000003211400000,0x0000003211500000) (1024K)]
  0x000001bbd8df7440 JavaThread "Catalina-utility-1"                [_thread_blocked, id=2524, stack(0x0000003211a00000,0x0000003211b00000) (1024K)]
  0x000001bbd8df7aa0 JavaThread "Catalina-utility-2"                [_thread_blocked, id=4140, stack(0x0000003211b00000,0x0000003211c00000) (1024K)]
  0x000001bbd8df8100 JavaThread "container-0"                       [_thread_blocked, id=12116, stack(0x0000003211c00000,0x0000003211d00000) (1024K)]
  0x000001bbd9fc4130 JavaThread "mysql-cj-abandoned-connection-cleanup" daemon [_thread_blocked, id=5860, stack(0x0000003211d00000,0x0000003211e00000) (1024K)]
  0x000001bbd9fc3410 JavaThread "HikariPool-1:housekeeper"   daemon [_thread_blocked, id=9344, stack(0x0000003211f00000,0x0000003212000000) (1024K)]
  0x000001bbd9fc2d80 JavaThread "File Watcher"               daemon [_thread_blocked, id=1772, stack(0x0000003212100000,0x0000003212200000) (1024K)]
  0x000001bbd9fc2060 JavaThread "Live Reload Server"         daemon [_thread_in_native, id=2068, stack(0x0000003212300000,0x0000003212400000) (1024K)]
  0x000001bbd9fc3aa0 JavaThread "http-nio-8080-exec-1"       daemon [_thread_blocked, id=3308, stack(0x0000003212200000,0x0000003212300000) (1024K)]
  0x000001bbd9fc47c0 JavaThread "http-nio-8080-exec-2"       daemon [_thread_blocked, id=11268, stack(0x0000003212400000,0x0000003212500000) (1024K)]
  0x000001bbd9fc54e0 JavaThread "http-nio-8080-exec-3"       daemon [_thread_in_vm, id=5856, stack(0x0000003212500000,0x0000003212600000) (1024K)]
  0x000001bbd9fc26f0 JavaThread "http-nio-8080-exec-4"       daemon [_thread_blocked, id=7312, stack(0x0000003212600000,0x0000003212700000) (1024K)]
  0x000001bbd7567a70 JavaThread "http-nio-8080-exec-5"       daemon [_thread_blocked, id=1204, stack(0x0000003212700000,0x0000003212800000) (1024K)]
  0x000001bbd756dce0 JavaThread "http-nio-8080-exec-6"       daemon [_thread_blocked, id=7456, stack(0x0000003212800000,0x0000003212900000) (1024K)]
  0x000001bbd756a1d0 JavaThread "http-nio-8080-exec-7"       daemon [_thread_blocked, id=9252, stack(0x0000003212900000,0x0000003212a00000) (1024K)]
  0x000001bbd756b580 JavaThread "http-nio-8080-exec-8"       daemon [_thread_blocked, id=10092, stack(0x0000003212a00000,0x0000003212b00000) (1024K)]
  0x000001bbd756e370 JavaThread "http-nio-8080-exec-9"       daemon [_thread_blocked, id=5524, stack(0x0000003212b00000,0x0000003212c00000) (1024K)]
  0x000001bbd7568e20 JavaThread "http-nio-8080-exec-10"      daemon [_thread_blocked, id=4704, stack(0x0000003212c00000,0x0000003212d00000) (1024K)]
  0x000001bbd756ea00 JavaThread "http-nio-8080-Poller"       daemon [_thread_in_native, id=9944, stack(0x0000003212d00000,0x0000003212e00000) (1024K)]
  0x000001bbd756c930 JavaThread "http-nio-8080-Acceptor"     daemon [_thread_in_native, id=12204, stack(0x0000003212e00000,0x0000003212f00000) (1024K)]
  0x000001bbd756f090 JavaThread "DestroyJavaVM"                     [_thread_blocked, id=10932, stack(0x0000003210100000,0x0000003210200000) (1024K)]
Total: 31

Other Threads:
  0x000001bbff7a3710 VMThread "VM Thread"                           [id=5608, stack(0x0000003210800000,0x0000003210900000) (1024K)]
  0x000001bbff792c00 WatcherThread "VM Periodic Task Thread"        [id=10868, stack(0x0000003210700000,0x0000003210800000) (1024K)]
  0x000001bbf27d8950 WorkerThread "GC Thread#0"                     [id=9132, stack(0x0000003210200000,0x0000003210300000) (1024K)]
  0x000001bbd680c4a0 WorkerThread "GC Thread#1"                     [id=6892, stack(0x0000003211500000,0x0000003211600000) (1024K)]
  0x000001bbd67f84f0 WorkerThread "GC Thread#2"                     [id=11884, stack(0x0000003211600000,0x0000003211700000) (1024K)]
  0x000001bbd6674e20 WorkerThread "GC Thread#3"                     [id=1984, stack(0x0000003211700000,0x0000003211800000) (1024K)]
  0x000001bbf27e9e40 ConcurrentGCThread "G1 Main Marker"            [id=6480, stack(0x0000003210300000,0x0000003210400000) (1024K)]
  0x000001bbf27eaaf0 WorkerThread "G1 Conc#0"                       [id=1632, stack(0x0000003210400000,0x0000003210500000) (1024K)]
  0x000001bbf282e5a0 ConcurrentGCThread "G1 Refine#0"               [id=7184, stack(0x0000003210500000,0x0000003210600000) (1024K)]
  0x000001bbff6564a0 ConcurrentGCThread "G1 Service"                [id=12076, stack(0x0000003210600000,0x0000003210700000) (1024K)]
Total: 10

Threads with active compile tasks:
C2 CompilerThread0    18297 7723 %     4       java.util.Properties$LineReader::readLine @ 293 (584 bytes)
Total: 1

VM state: not at safepoint (normal execution)

VM Mutex/Monitor currently owned by a thread:  ([mutex/lock_event])
[0x00007ffd64e7be18] Metaspace_lock - owner thread: 0x000001bbd9fc54e0

Heap address: 0x0000000081800000, size: 2024 MB, Compressed Oops mode: 32-bit

CDS archive(s) mapped at: [0x000001bb91000000-0x000001bb91c90000-0x000001bb91c90000), size 13172736, SharedBaseAddress: 0x000001bb91000000, ArchiveRelocationMode: 1.
Compressed class space mapped at: 0x000001bb92000000-0x000001bbd2000000, reserved size: 1073741824
Narrow klass base: 0x000001bb91000000, Narrow klass shift: 0, Narrow klass range: 0x100000000

GC Precious Log:
 CardTable entry size: 512
 Card Set container configuration: InlinePtr #cards 5 size 8 Array Of Cards #cards 12 size 40 Howl #buckets 4 coarsen threshold 1843 Howl Bitmap #cards 512 size 80 coarsen threshold 460 Card regions per heap region 1 cards per card region 2048
 CPUs: 4 total, 4 available
 Memory: 8092M
 Large Page Support: Disabled
 NUMA Support: Disabled
 Compressed Oops: Enabled (32-bit)
 Heap Region Size: 1M
 Heap Min Capacity: 8M
 Heap Initial Capacity: 128M
 Heap Max Capacity: 2024M
 Pre-touch: Disabled
 Parallel Workers: 4
 Concurrent Workers: 1
 Concurrent Refinement Workers: 4
 Periodic GC: Disabled

Heap:
 garbage-first heap   total 70656K, used 47440K [0x0000000081800000, 0x0000000100000000)
  region size 1024K, 13 young (13312K), 2 survivors (2048K)
 Metaspace       used 75595K, committed 76352K, reserved 1179648K
  class space    used 10181K, committed 10560K, reserved 1048576K

Heap Regions: E=young(eden), S=young(survivor), O=old, HS=humongous(starts), HC=humongous(continues), CS=collection set, F=free, TAMS=top-at-mark-start, PB=parsable bottom
|   0|0x0000000081800000, 0x0000000081900000, 0x0000000081900000|100%|HS|  |TAMS 0x0000000081800000| PB 0x0000000081800000| Complete 
|   1|0x0000000081900000, 0x0000000081a00000, 0x0000000081a00000|100%|HS|  |TAMS 0x0000000081900000| PB 0x0000000081900000| Complete 
|   2|0x0000000081a00000, 0x0000000081b00000, 0x0000000081b00000|100%| O|  |TAMS 0x0000000081a00000| PB 0x0000000081a00000| Untracked 
|   3|0x0000000081b00000, 0x0000000081c00000, 0x0000000081c00000|100%| O|  |TAMS 0x0000000081b00000| PB 0x0000000081b00000| Untracked 
|   4|0x0000000081c00000, 0x0000000081d00000, 0x0000000081d00000|100%| O|  |TAMS 0x0000000081c00000| PB 0x0000000081c00000| Untracked 
|   5|0x0000000081d00000, 0x0000000081e00000, 0x0000000081e00000|100%| O|  |TAMS 0x0000000081d00000| PB 0x0000000081d00000| Untracked 
|   6|0x0000000081e00000, 0x0000000081f00000, 0x0000000081f00000|100%| O|  |TAMS 0x0000000081e00000| PB 0x0000000081e00000| Untracked 
|   7|0x0000000081f00000, 0x0000000082000000, 0x0000000082000000|100%| O|  |TAMS 0x0000000081f00000| PB 0x0000000081f00000| Untracked 
|   8|0x0000000082000000, 0x0000000082100000, 0x0000000082100000|100%| O|  |TAMS 0x0000000082000000| PB 0x0000000082000000| Untracked 
|   9|0x0000000082100000, 0x0000000082200000, 0x0000000082200000|100%| O|  |TAMS 0x0000000082100000| PB 0x0000000082100000| Untracked 
|  10|0x0000000082200000, 0x0000000082300000, 0x0000000082300000|100%| O|  |TAMS 0x0000000082200000| PB 0x0000000082200000| Untracked 
|  11|0x0000000082300000, 0x0000000082400000, 0x0000000082400000|100%| O|  |TAMS 0x0000000082300000| PB 0x0000000082300000| Untracked 
|  12|0x0000000082400000, 0x0000000082500000, 0x0000000082500000|100%| O|  |TAMS 0x0000000082400000| PB 0x0000000082400000| Untracked 
|  13|0x0000000082500000, 0x0000000082600000, 0x0000000082600000|100%| O|  |TAMS 0x0000000082500000| PB 0x0000000082500000| Untracked 
|  14|0x0000000082600000, 0x0000000082700000, 0x0000000082700000|100%| O|  |TAMS 0x0000000082600000| PB 0x0000000082600000| Untracked 
|  15|0x0000000082700000, 0x0000000082800000, 0x0000000082800000|100%| O|  |TAMS 0x0000000082700000| PB 0x0000000082700000| Untracked 
|  16|0x0000000082800000, 0x0000000082900000, 0x0000000082900000|100%| O|  |TAMS 0x0000000082800000| PB 0x0000000082800000| Untracked 
|  17|0x0000000082900000, 0x0000000082a00000, 0x0000000082a00000|100%| O|  |TAMS 0x0000000082900000| PB 0x0000000082900000| Untracked 
|  18|0x0000000082a00000, 0x0000000082b00000, 0x0000000082b00000|100%| O|  |TAMS 0x0000000082a00000| PB 0x0000000082a00000| Untracked 
|  19|0x0000000082b00000, 0x0000000082c00000, 0x0000000082c00000|100%| O|  |TAMS 0x0000000082b00000| PB 0x0000000082b00000| Untracked 
|  20|0x0000000082c00000, 0x0000000082d00000, 0x0000000082d00000|100%| O|  |TAMS 0x0000000082c00000| PB 0x0000000082c00000| Untracked 
|  21|0x0000000082d00000, 0x0000000082d00000, 0x0000000082e00000|  0%| F|  |TAMS 0x0000000082d00000| PB 0x0000000082d00000| Untracked 
|  22|0x0000000082e00000, 0x0000000082f00000, 0x0000000082f00000|100%| O|  |TAMS 0x0000000082e00000| PB 0x0000000082e00000| Untracked 
|  23|0x0000000082f00000, 0x0000000083000000, 0x0000000083000000|100%| O|  |TAMS 0x0000000082f00000| PB 0x0000000082f00000| Untracked 
|  24|0x0000000083000000, 0x0000000083100000, 0x0000000083100000|100%| O|  |TAMS 0x0000000083000000| PB 0x0000000083000000| Untracked 
|  25|0x0000000083100000, 0x0000000083200000, 0x0000000083200000|100%| O|  |TAMS 0x0000000083100000| PB 0x0000000083100000| Untracked 
|  26|0x0000000083200000, 0x0000000083300000, 0x0000000083300000|100%| O|  |TAMS 0x0000000083200000| PB 0x0000000083200000| Untracked 
|  27|0x0000000083300000, 0x0000000083400000, 0x0000000083400000|100%| O|  |TAMS 0x0000000083300000| PB 0x0000000083300000| Untracked 
|  28|0x0000000083400000, 0x0000000083500000, 0x0000000083500000|100%| O|  |TAMS 0x0000000083400000| PB 0x0000000083400000| Untracked 
|  29|0x0000000083500000, 0x0000000083600000, 0x0000000083600000|100%| O|  |TAMS 0x0000000083500000| PB 0x0000000083500000| Untracked 
|  30|0x0000000083600000, 0x0000000083700000, 0x0000000083700000|100%| O|  |TAMS 0x0000000083600000| PB 0x0000000083600000| Untracked 
|  31|0x0000000083700000, 0x0000000083800000, 0x0000000083800000|100%| O|  |TAMS 0x0000000083700000| PB 0x0000000083700000| Untracked 
|  32|0x0000000083800000, 0x0000000083900000, 0x0000000083900000|100%| O|  |TAMS 0x0000000083800000| PB 0x0000000083800000| Untracked 
|  33|0x0000000083900000, 0x0000000083a00000, 0x0000000083a00000|100%| O|  |TAMS 0x0000000083900000| PB 0x0000000083900000| Untracked 
|  34|0x0000000083a00000, 0x0000000083b00000, 0x0000000083b00000|100%| O|  |TAMS 0x0000000083a00000| PB 0x0000000083a00000| Untracked 
|  35|0x0000000083b00000, 0x0000000083b74680, 0x0000000083c00000| 45%| O|  |TAMS 0x0000000083b00000| PB 0x0000000083b00000| Untracked 
|  36|0x0000000083c00000, 0x0000000083c00000, 0x0000000083d00000|  0%| F|  |TAMS 0x0000000083c00000| PB 0x0000000083c00000| Untracked 
|  37|0x0000000083d00000, 0x0000000083d00000, 0x0000000083e00000|  0%| F|  |TAMS 0x0000000083d00000| PB 0x0000000083d00000| Untracked 
|  38|0x0000000083e00000, 0x0000000083e00000, 0x0000000083f00000|  0%| F|  |TAMS 0x0000000083e00000| PB 0x0000000083e00000| Untracked 
|  39|0x0000000083f00000, 0x0000000083f00000, 0x0000000084000000|  0%| F|  |TAMS 0x0000000083f00000| PB 0x0000000083f00000| Untracked 
|  40|0x0000000084000000, 0x0000000084000000, 0x0000000084100000|  0%| F|  |TAMS 0x0000000084000000| PB 0x0000000084000000| Untracked 
|  41|0x0000000084100000, 0x0000000084100000, 0x0000000084200000|  0%| F|  |TAMS 0x0000000084100000| PB 0x0000000084100000| Untracked 
|  42|0x0000000084200000, 0x00000000842dfc50, 0x0000000084300000| 87%| S|CS|TAMS 0x0000000084200000| PB 0x0000000084200000| Complete 
|  43|0x0000000084300000, 0x0000000084400000, 0x0000000084400000|100%| S|CS|TAMS 0x0000000084300000| PB 0x0000000084300000| Complete 
|  44|0x0000000084400000, 0x0000000084400000, 0x0000000084500000|  0%| F|  |TAMS 0x0000000084400000| PB 0x0000000084400000| Untracked 
|  45|0x0000000084500000, 0x0000000084500000, 0x0000000084600000|  0%| F|  |TAMS 0x0000000084500000| PB 0x0000000084500000| Untracked 
|  46|0x0000000084600000, 0x0000000084600000, 0x0000000084700000|  0%| F|  |TAMS 0x0000000084600000| PB 0x0000000084600000| Untracked 
|  47|0x0000000084700000, 0x0000000084700000, 0x0000000084800000|  0%| F|  |TAMS 0x0000000084700000| PB 0x0000000084700000| Untracked 
|  48|0x0000000084800000, 0x0000000084800000, 0x0000000084900000|  0%| F|  |TAMS 0x0000000084800000| PB 0x0000000084800000| Untracked 
|  49|0x0000000084900000, 0x0000000084900000, 0x0000000084a00000|  0%| F|  |TAMS 0x0000000084900000| PB 0x0000000084900000| Untracked 
|  50|0x0000000084a00000, 0x0000000084a00000, 0x0000000084b00000|  0%| F|  |TAMS 0x0000000084a00000| PB 0x0000000084a00000| Untracked 
|  51|0x0000000084b00000, 0x0000000084b00000, 0x0000000084c00000|  0%| F|  |TAMS 0x0000000084b00000| PB 0x0000000084b00000| Untracked 
|  52|0x0000000084c00000, 0x0000000084c00000, 0x0000000084d00000|  0%| F|  |TAMS 0x0000000084c00000| PB 0x0000000084c00000| Untracked 
|  53|0x0000000084d00000, 0x0000000084d00000, 0x0000000084e00000|  0%| F|  |TAMS 0x0000000084d00000| PB 0x0000000084d00000| Untracked 
|  54|0x0000000084e00000, 0x0000000084e00000, 0x0000000084f00000|  0%| F|  |TAMS 0x0000000084e00000| PB 0x0000000084e00000| Untracked 
|  55|0x0000000084f00000, 0x0000000084f00000, 0x0000000085000000|  0%| F|  |TAMS 0x0000000084f00000| PB 0x0000000084f00000| Untracked 
|  56|0x0000000085000000, 0x0000000085000000, 0x0000000085100000|  0%| F|  |TAMS 0x0000000085000000| PB 0x0000000085000000| Untracked 
|  57|0x0000000085100000, 0x0000000085100000, 0x0000000085200000|  0%| F|  |TAMS 0x0000000085100000| PB 0x0000000085100000| Untracked 
|  58|0x0000000085200000, 0x00000000852b26b8, 0x0000000085300000| 69%| E|  |TAMS 0x0000000085200000| PB 0x0000000085200000| Complete 
|  59|0x0000000085300000, 0x0000000085400000, 0x0000000085400000|100%| E|CS|TAMS 0x0000000085300000| PB 0x0000000085300000| Complete 
|  60|0x0000000085400000, 0x0000000085500000, 0x0000000085500000|100%| E|CS|TAMS 0x0000000085400000| PB 0x0000000085400000| Complete 
|  77|0x0000000086500000, 0x0000000086600000, 0x0000000086600000|100%| E|CS|TAMS 0x0000000086500000| PB 0x0000000086500000| Complete 
|  78|0x0000000086600000, 0x0000000086700000, 0x0000000086700000|100%| E|CS|TAMS 0x0000000086600000| PB 0x0000000086600000| Complete 
|  79|0x0000000086700000, 0x0000000086800000, 0x0000000086800000|100%| E|CS|TAMS 0x0000000086700000| PB 0x0000000086700000| Complete 
|  80|0x0000000086800000, 0x0000000086900000, 0x0000000086900000|100%| E|CS|TAMS 0x0000000086800000| PB 0x0000000086800000| Complete 
|  81|0x0000000086900000, 0x0000000086a00000, 0x0000000086a00000|100%| E|CS|TAMS 0x0000000086900000| PB 0x0000000086900000| Complete 
|  82|0x0000000086a00000, 0x0000000086b00000, 0x0000000086b00000|100%| E|CS|TAMS 0x0000000086a00000| PB 0x0000000086a00000| Complete 
|  83|0x0000000086b00000, 0x0000000086c00000, 0x0000000086c00000|100%| E|CS|TAMS 0x0000000086b00000| PB 0x0000000086b00000| Complete 
| 127|0x0000000089700000, 0x0000000089800000, 0x0000000089800000|100%| E|CS|TAMS 0x0000000089700000| PB 0x0000000089700000| Complete 

Card table byte_map: [0x000001bbfce20000,0x000001bbfd220000] _byte_map_base: 0x000001bbfca14000

Marking Bits: (CMBitMap*) 0x000001bbf27d9050
 Bits: [0x000001bbfd220000, 0x000001bbff1c0000)

Polling page: 0x000001bbf2540000

Metaspace:

Usage:
  Non-class:     63.88 MB used.
      Class:      9.94 MB used.
       Both:     73.82 MB used.

Virtual space:
  Non-class space:      128.00 MB reserved,      64.25 MB ( 50%) committed,  2 nodes.
      Class space:        1.00 GB reserved,      10.31 MB (  1%) committed,  1 nodes.
             Both:        1.12 GB reserved,      74.56 MB (  6%) committed. 

Chunk freelists:
   Non-Class:  15.55 MB
       Class:  5.53 MB
        Both:  21.08 MB

MaxMetaspaceSize: unlimited
CompressedClassSpaceSize: 1.00 GB
Initial GC threshold: 21.00 MB
Current GC threshold: 109.06 MB
CDS: on
 - commit_granule_bytes: 65536.
 - commit_granule_words: 8192.
 - virtual_space_node_default_size: 8388608.
 - enlarge_chunks_in_place: 1.
 - use_allocation_guard: 0.


Internal statistics:

num_allocs_failed_limit: 9.
num_arena_births: 1084.
num_arena_deaths: 0.
num_vsnodes_births: 3.
num_vsnodes_deaths: 0.
num_space_committed: 1193.
num_space_uncommitted: 0.
num_chunks_returned_to_freelist: 9.
num_chunks_taken_from_freelist: 3989.
num_chunk_merges: 6.
num_chunk_splits: 2809.
num_chunks_enlarged: 2139.
num_inconsistent_stats: 0.

CodeHeap 'non-profiled nmethods': size=120000Kb used=4284Kb max_used=4284Kb free=115715Kb
 bounds [0x000001bb87ad0000, 0x000001bb87f00000, 0x000001bb8f000000]
CodeHeap 'profiled nmethods': size=120000Kb used=12196Kb max_used=12196Kb free=107803Kb
 bounds [0x000001bb80000000, 0x000001bb80bf0000, 0x000001bb87530000]
CodeHeap 'non-nmethods': size=5760Kb used=1698Kb max_used=1730Kb free=4061Kb
 bounds [0x000001bb87530000, 0x000001bb877a0000, 0x000001bb87ad0000]
 total_blobs=7390 nmethods=6664 adapters=630
 compilation: enabled
              stopped_count=0, restarted_count=0
 full_count=0

Compilation events (20 events):
Event: 14.818 Thread 0x000001bbff7cac00 nmethod 7706 0x000001bb87efd110 code [0x000001bb87efd2c0, 0x000001bb87efd5b8]
Event: 16.806 Thread 0x000001bbff7fa020 7708       3       java.util.concurrent.locks.AbstractQueuedSynchronizer::acquire (20 bytes)
Event: 16.806 Thread 0x000001bbff7fa020 nmethod 7708 0x000001bb80be4310 code [0x000001bb80be44e0, 0x000001bb80be4758]
Event: 17.896 Thread 0x000001bbff7fa020 7709       3       java.util.HashMap$KeySet::size (8 bytes)
Event: 17.896 Thread 0x000001bbff7fa020 nmethod 7709 0x000001bb80be4810 code [0x000001bb80be49a0, 0x000001bb80be4ab8]
Event: 18.197 Thread 0x000001bbff7fa020 7711       3       jdk.internal.misc.Unsafe::weakCompareAndSetReference (11 bytes)
Event: 18.197 Thread 0x000001bbff7fa020 nmethod 7711 0x000001bb80be4b90 code [0x000001bb80be4d20, 0x000001bb80be4e90]
Event: 18.214 Thread 0x000001bbff7fa020 7712   !   3       java.util.concurrent.ConcurrentHashMap::putVal (432 bytes)
Event: 18.215 Thread 0x000001bbff7fa020 nmethod 7712 0x000001bb80be4f10 code [0x000001bb80be52a0, 0x000001bb80be6de0]
Event: 18.215 Thread 0x000001bbff7fa020 7713       3       java.util.ResourceBundle$KeyElementReference::<init> (12 bytes)
Event: 18.215 Thread 0x000001bbff7fa020 nmethod 7713 0x000001bb80be7790 code [0x000001bb80be7960, 0x000001bb80be7ce8]
Event: 18.221 Thread 0x000001bbff7fa020 7714       3       java.lang.invoke.LambdaFormEditor::filterArgumentsForm (74 bytes)
Event: 18.221 Thread 0x000001bbff7fa020 nmethod 7714 0x000001bb80be7e10 code [0x000001bb80be8000, 0x000001bb80be82b0]
Event: 18.223 Thread 0x000001bbff7fa020 7719       3       java.lang.invoke.DirectMethodHandle::make (21 bytes)
Event: 18.223 Thread 0x000001bbff7fa020 nmethod 7719 0x000001bb80be8410 code [0x000001bb80be85e0, 0x000001bb80be88d0]
Event: 18.224 Thread 0x000001bbff7fa020 7721       3       java.nio.HeapByteBuffer::put (17 bytes)
Event: 18.225 Thread 0x000001bbff7fa020 nmethod 7721 0x000001bb80be8a10 code [0x000001bb80be8bc0, 0x000001bb80be8e10]
Event: 18.225 Thread 0x000001bbff7fa020 7722   !   3       org.apache.tomcat.util.http.parser.HttpParser::isControl (9 bytes)
Event: 18.225 Thread 0x000001bbff7fa020 nmethod 7722 0x000001bb80be8f90 code [0x000001bb80be9140, 0x000001bb80be92b0]
Event: 18.244 Thread 0x000001bbff7cac00 7723 %     4       java.util.Properties$LineReader::readLine @ 293 (584 bytes)

GC Heap History (20 events):
Event: 5.755 GC heap before
{Heap before GC invocations=8 (full 0):
 garbage-first heap   total 58368K, used 39603K [0x0000000081800000, 0x0000000100000000)
  region size 1024K, 22 young (22528K), 4 survivors (4096K)
 Metaspace       used 35427K, committed 35968K, reserved 1114112K
  class space    used 4507K, committed 4736K, reserved 1048576K
}
Event: 5.768 GC heap after
{Heap after GC invocations=9 (full 0):
 garbage-first heap   total 58368K, used 24040K [0x0000000081800000, 0x0000000100000000)
  region size 1024K, 2 young (2048K), 2 survivors (2048K)
 Metaspace       used 35427K, committed 35968K, reserved 1114112K
  class space    used 4507K, committed 4736K, reserved 1048576K
}
Event: 6.617 GC heap before
{Heap before GC invocations=10 (full 0):
 garbage-first heap   total 58368K, used 48616K [0x0000000081800000, 0x0000000100000000)
  region size 1024K, 27 young (27648K), 2 survivors (2048K)
 Metaspace       used 42244K, committed 42880K, reserved 1114112K
  class space    used 5548K, committed 5824K, reserved 1048576K
}
Event: 6.621 GC heap after
{Heap after GC invocations=11 (full 0):
 garbage-first heap   total 58368K, used 25640K [0x0000000081800000, 0x0000000100000000)
  region size 1024K, 4 young (4096K), 4 survivors (4096K)
 Metaspace       used 42244K, committed 42880K, reserved 1114112K
  class space    used 5548K, committed 5824K, reserved 1048576K
}
Event: 7.363 GC heap before
{Heap before GC invocations=11 (full 0):
 garbage-first heap   total 58368K, used 48168K [0x0000000081800000, 0x0000000100000000)
  region size 1024K, 27 young (27648K), 4 survivors (4096K)
 Metaspace       used 48556K, committed 49216K, reserved 1114112K
  class space    used 6352K, committed 6656K, reserved 1048576K
}
Event: 7.369 GC heap after
{Heap after GC invocations=12 (full 0):
 garbage-first heap   total 58368K, used 27612K [0x0000000081800000, 0x0000000100000000)
  region size 1024K, 4 young (4096K), 4 survivors (4096K)
 Metaspace       used 48556K, committed 49216K, reserved 1114112K
  class space    used 6352K, committed 6656K, reserved 1048576K
}
Event: 7.949 GC heap before
{Heap before GC invocations=12 (full 0):
 garbage-first heap   total 58368K, used 49116K [0x0000000081800000, 0x0000000100000000)
  region size 1024K, 26 young (26624K), 4 survivors (4096K)
 Metaspace       used 55401K, committed 56064K, reserved 1114112K
  class space    used 7382K, committed 7680K, reserved 1048576K
}
Event: 7.956 GC heap after
{Heap after GC invocations=13 (full 0):
 garbage-first heap   total 58368K, used 29196K [0x0000000081800000, 0x0000000100000000)
  region size 1024K, 2 young (2048K), 2 survivors (2048K)
 Metaspace       used 55401K, committed 56064K, reserved 1114112K
  class space    used 7382K, committed 7680K, reserved 1048576K
}
Event: 8.401 GC heap before
{Heap before GC invocations=13 (full 0):
 garbage-first heap   total 58368K, used 49676K [0x0000000081800000, 0x0000000100000000)
  region size 1024K, 23 young (23552K), 2 survivors (2048K)
 Metaspace       used 59498K, committed 60160K, reserved 1114112K
  class space    used 7965K, committed 8256K, reserved 1048576K
}
Event: 8.404 GC heap after
{Heap after GC invocations=14 (full 0):
 garbage-first heap   total 58368K, used 29672K [0x0000000081800000, 0x0000000100000000)
  region size 1024K, 2 young (2048K), 2 survivors (2048K)
 Metaspace       used 59498K, committed 60160K, reserved 1114112K
  class space    used 7965K, committed 8256K, reserved 1048576K
}
Event: 9.750 GC heap before
{Heap before GC invocations=15 (full 0):
 garbage-first heap   total 58368K, used 50152K [0x0000000081800000, 0x0000000100000000)
  region size 1024K, 23 young (23552K), 2 survivors (2048K)
 Metaspace       used 63052K, committed 63680K, reserved 1114112K
  class space    used 8481K, committed 8768K, reserved 1048576K
}
Event: 9.757 GC heap after
{Heap after GC invocations=16 (full 0):
 garbage-first heap   total 58368K, used 31859K [0x0000000081800000, 0x0000000100000000)
  region size 1024K, 3 young (3072K), 3 survivors (3072K)
 Metaspace       used 63052K, committed 63680K, reserved 1114112K
  class space    used 8481K, committed 8768K, reserved 1048576K
}
Event: 10.140 GC heap before
{Heap before GC invocations=16 (full 0):
 garbage-first heap   total 58368K, used 50291K [0x0000000081800000, 0x0000000100000000)
  region size 1024K, 21 young (21504K), 3 survivors (3072K)
 Metaspace       used 65024K, committed 65728K, reserved 1114112K
  class space    used 8739K, committed 9024K, reserved 1048576K
}
Event: 10.147 GC heap after
{Heap after GC invocations=17 (full 0):
 garbage-first heap   total 58368K, used 32740K [0x0000000081800000, 0x0000000100000000)
  region size 1024K, 2 young (2048K), 2 survivors (2048K)
 Metaspace       used 65024K, committed 65728K, reserved 1114112K
  class space    used 8739K, committed 9024K, reserved 1048576K
}
Event: 10.504 GC heap before
{Heap before GC invocations=17 (full 0):
 garbage-first heap   total 58368K, used 51172K [0x0000000081800000, 0x0000000100000000)
  region size 1024K, 20 young (20480K), 2 survivors (2048K)
 Metaspace       used 66084K, committed 66752K, reserved 1114112K
  class space    used 8860K, committed 9152K, reserved 1048576K
}
Event: 10.508 GC heap after
{Heap after GC invocations=18 (full 0):
 garbage-first heap   total 70656K, used 33757K [0x0000000081800000, 0x0000000100000000)
  region size 1024K, 3 young (3072K), 3 survivors (3072K)
 Metaspace       used 66084K, committed 66752K, reserved 1114112K
  class space    used 8860K, committed 9152K, reserved 1048576K
}
Event: 11.307 GC heap before
{Heap before GC invocations=19 (full 0):
 garbage-first heap   total 70656K, used 62429K [0x0000000081800000, 0x0000000100000000)
  region size 1024K, 31 young (31744K), 3 survivors (3072K)
 Metaspace       used 68703K, committed 69376K, reserved 1114112K
  class space    used 9240K, committed 9536K, reserved 1048576K
}
Event: 11.315 GC heap after
{Heap after GC invocations=20 (full 0):
 garbage-first heap   total 70656K, used 36204K [0x0000000081800000, 0x0000000100000000)
  region size 1024K, 4 young (4096K), 4 survivors (4096K)
 Metaspace       used 68703K, committed 69376K, reserved 1114112K
  class space    used 9240K, committed 9536K, reserved 1048576K
}
Event: 11.977 GC heap before
{Heap before GC invocations=20 (full 0):
 garbage-first heap   total 70656K, used 61804K [0x0000000081800000, 0x0000000100000000)
  region size 1024K, 29 young (29696K), 4 survivors (4096K)
 Metaspace       used 72755K, committed 73408K, reserved 1114112K
  class space    used 9814K, committed 10112K, reserved 1048576K
}
Event: 11.986 GC heap after
{Heap after GC invocations=21 (full 0):
 garbage-first heap   total 70656K, used 37200K [0x0000000081800000, 0x0000000100000000)
  region size 1024K, 2 young (2048K), 2 survivors (2048K)
 Metaspace       used 72755K, committed 73408K, reserved 1114112K
  class space    used 9814K, committed 10112K, reserved 1048576K
}

Dll operation events (14 events):
Event: 0.020 Loaded shared library C:\Program Files\Java\jdk-21\bin\java.dll
Event: 0.075 Loaded shared library C:\Program Files\Java\jdk-21\bin\jsvml.dll
Event: 0.238 Loaded shared library C:\Program Files\Java\jdk-21\bin\zip.dll
Event: 0.242 Loaded shared library C:\Program Files\java\jdk-21\bin\instrument.dll
Event: 0.248 Loaded shared library C:\Program Files\java\jdk-21\bin\net.dll
Event: 0.251 Loaded shared library C:\Program Files\java\jdk-21\bin\nio.dll
Event: 0.257 Loaded shared library C:\Program Files\java\jdk-21\bin\zip.dll
Event: 0.455 Loaded shared library C:\Program Files\JetBrains\IntelliJ IDEA Community Edition 2024.3.2.2\bin\breakgen64.dll
Event: 0.466 Loaded shared library C:\Program Files\java\jdk-21\bin\extnet.dll
Event: 0.520 Loaded shared library C:\Program Files\java\jdk-21\bin\jimage.dll
Event: 0.856 Loaded shared library C:\Program Files\java\jdk-21\bin\management.dll
Event: 0.863 Loaded shared library C:\Program Files\java\jdk-21\bin\management_ext.dll
Event: 1.756 Loaded shared library C:\Program Files\Java\jdk-21\bin\verify.dll
Event: 2.728 Loaded shared library C:\Program Files\java\jdk-21\bin\sunmscapi.dll

Deoptimization events (20 events):
Event: 12.133 Thread 0x000001bbd695ff70 DEOPT PACKING pc=0x000001bb80bd00ac sp=0x00000032119fe3d0
Event: 12.133 Thread 0x000001bbd695ff70 DEOPT UNPACKING pc=0x000001bb87584e42 sp=0x00000032119fd8b0 mode 0
Event: 12.134 Thread 0x000001bbd695ff70 DEOPT PACKING pc=0x000001bb80bd00ac sp=0x00000032119fe3d0
Event: 12.134 Thread 0x000001bbd695ff70 DEOPT UNPACKING pc=0x000001bb87584e42 sp=0x00000032119fd8b0 mode 0
Event: 12.134 Thread 0x000001bbd695ff70 DEOPT PACKING pc=0x000001bb80bd00ac sp=0x00000032119fe3d0
Event: 12.134 Thread 0x000001bbd695ff70 DEOPT UNPACKING pc=0x000001bb87584e42 sp=0x00000032119fd8b0 mode 0
Event: 12.135 Thread 0x000001bbd695ff70 DEOPT PACKING pc=0x000001bb80bd00ac sp=0x00000032119fe3d0
Event: 12.135 Thread 0x000001bbd695ff70 DEOPT UNPACKING pc=0x000001bb87584e42 sp=0x00000032119fd8b0 mode 0
Event: 12.136 Thread 0x000001bbd695ff70 DEOPT PACKING pc=0x000001bb80bd00ac sp=0x00000032119fe3d0
Event: 12.136 Thread 0x000001bbd695ff70 DEOPT UNPACKING pc=0x000001bb87584e42 sp=0x00000032119fd8b0 mode 0
Event: 12.136 Thread 0x000001bbd695ff70 DEOPT PACKING pc=0x000001bb80bd00ac sp=0x00000032119fe3d0
Event: 12.136 Thread 0x000001bbd695ff70 DEOPT UNPACKING pc=0x000001bb87584e42 sp=0x00000032119fd8b0 mode 0
Event: 12.150 Thread 0x000001bbd695ff70 Uncommon trap: trap_request=0xffffff45 fr.pc=0x000001bb87e85488 relative=0x00000000000011a8
Event: 12.150 Thread 0x000001bbd695ff70 Uncommon trap: reason=unstable_if action=reinterpret pc=0x000001bb87e85488 method=org.springframework.transaction.annotation.SpringTransactionAnnotationParser.parseTransactionAnnotation(Ljava/lang/reflect/AnnotatedElement;)Lorg/springframework/transaction
Event: 12.150 Thread 0x000001bbd695ff70 DEOPT PACKING pc=0x000001bb87e85488 sp=0x00000032119fdf90
Event: 12.150 Thread 0x000001bbd695ff70 DEOPT UNPACKING pc=0x000001bb875846a2 sp=0x00000032119fdef0 mode 2
Event: 18.205 Thread 0x000001bbd9fc54e0 Uncommon trap: trap_request=0xffffff45 fr.pc=0x000001bb87dd06ec relative=0x0000000000000e2c
Event: 18.205 Thread 0x000001bbd9fc54e0 Uncommon trap: reason=unstable_if action=reinterpret pc=0x000001bb87dd06ec method=java.util.concurrent.ConcurrentHashMap.putVal(Ljava/lang/Object;Ljava/lang/Object;Z)Ljava/lang/Object; @ 97 c2
Event: 18.205 Thread 0x000001bbd9fc54e0 DEOPT PACKING pc=0x000001bb87dd06ec sp=0x00000032125fe190
Event: 18.205 Thread 0x000001bbd9fc54e0 DEOPT UNPACKING pc=0x000001bb875846a2 sp=0x00000032125fe128 mode 2

Classes loaded (20 events):
Event: 18.194 Loading class sun/nio/ch/SocketAdaptor
Event: 18.194 Loading class sun/nio/ch/SocketAdaptor done
Event: 18.194 Loading class sun/nio/ch/SocketChannelImpl$DefaultOptionsHolder
Event: 18.195 Loading class sun/nio/ch/SocketChannelImpl$DefaultOptionsHolder done
Event: 18.195 Loading class sun/nio/ch/SelectionKeyImpl
Event: 18.196 Loading class java/nio/channels/spi/AbstractSelectionKey
Event: 18.196 Loading class java/nio/channels/SelectionKey
Event: 18.196 Loading class java/nio/channels/SelectionKey done
Event: 18.196 Loading class java/nio/channels/spi/AbstractSelectionKey done
Event: 18.196 Loading class sun/nio/ch/SelectionKeyImpl done
Event: 18.196 Loading class java/lang/invoke/ConstantBootstraps
Event: 18.196 Loading class java/lang/invoke/ConstantBootstraps done
Event: 18.225 Loading class sun/nio/cs/ThreadLocalCoders
Event: 18.226 Loading class sun/nio/cs/ThreadLocalCoders done
Event: 18.226 Loading class sun/nio/cs/ThreadLocalCoders$1
Event: 18.226 Loading class sun/nio/cs/ThreadLocalCoders$Cache
Event: 18.226 Loading class sun/nio/cs/ThreadLocalCoders$Cache done
Event: 18.226 Loading class sun/nio/cs/ThreadLocalCoders$1 done
Event: 18.226 Loading class sun/nio/cs/ThreadLocalCoders$2
Event: 18.226 Loading class sun/nio/cs/ThreadLocalCoders$2 done

Classes unloaded (0 events):
No events

Classes redefined (0 events):
No events

Internal exceptions (20 events):
Event: 9.459 Thread 0x000001bbd695ff70 Exception <a 'java/lang/IncompatibleClassChangeError'{0x00000000846134e8}: Found class java.lang.Object, but interface was expected> (0x00000000846134e8) 
thrown [s\open\src\hotspot\share\interpreter\linkResolver.cpp, line 840]
Event: 9.504 Thread 0x000001bbd695ff70 Exception <a 'java/lang/IncompatibleClassChangeError'{0x00000000845f8d68}: Found class java.lang.Object, but interface was expected> (0x00000000845f8d68) 
thrown [s\open\src\hotspot\share\interpreter\linkResolver.cpp, line 840]
Event: 9.702 Thread 0x000001bbd695ff70 Exception <a 'java/lang/IncompatibleClassChangeError'{0x0000000083d3de58}: Found class java.lang.Object, but interface was expected> (0x0000000083d3de58) 
thrown [s\open\src\hotspot\share\interpreter\linkResolver.cpp, line 840]
Event: 9.796 Thread 0x000001bbd695ff70 Exception <a 'java/lang/IncompatibleClassChangeError'{0x00000000897fc0b8}: Found class java.lang.Object, but interface was expected> (0x00000000897fc0b8) 
thrown [s\open\src\hotspot\share\interpreter\linkResolver.cpp, line 840]
Event: 9.797 Thread 0x000001bbd695ff70 Exception <a 'java/lang/IncompatibleClassChangeError'{0x0000000086b020c8}: Found class java.lang.Object, but interface was expected> (0x0000000086b020c8) 
thrown [s\open\src\hotspot\share\interpreter\linkResolver.cpp, line 840]
Event: 10.001 Thread 0x000001bbd695ff70 Exception <a 'java/lang/NoSuchMethodError'{0x0000000084630dd0}: 'int java.lang.invoke.DirectMethodHandle$Holder.invokeStaticInit(java.lang.Object, int, java.lang.Object, java.lang.Object, java.lang.Object, java.lang.Object)'> (0x0000000084630dd0) 
thrown [s\open\src\hotspot\share\interpreter\linkResolver.cpp, line 773]
Event: 10.418 Thread 0x000001bbd695ff70 Exception <a 'java/lang/NoSuchMethodError'{0x000000008432fb40}: 'java.lang.Object java.lang.invoke.DirectMethodHandle$Holder.newInvokeSpecial(java.lang.Object, java.lang.Object, java.lang.Object, java.lang.Object, java.lang.Object, java.lang.Object, java.lang.Object, java.lang.Object)'> (0x000000008432fb40) 
thrown [s\open\src\hotspot\share\interpreter\linkResolver.cpp, line 773]
Event: 10.881 Thread 0x000001bbd695ff70 Exception <a 'java/lang/IncompatibleClassChangeError'{0x00000000852c9050}: Found class java.lang.Object, but interface was expected> (0x00000000852c9050) 
thrown [s\open\src\hotspot\share\interpreter\linkResolver.cpp, line 840]
Event: 11.190 Thread 0x000001bbd695ff70 Exception <a 'java/lang/NoSuchMethodError'{0x00000000844649e0}: 'java.lang.Object java.lang.invoke.DirectMethodHandle$Holder.invokeInterface(java.lang.Object, java.lang.Object, java.lang.Object, java.lang.Object)'> (0x00000000844649e0) 
thrown [s\open\src\hotspot\share\interpreter\linkResolver.cpp, line 773]
Event: 11.352 Thread 0x000001bbd695ff70 Exception <a 'java/lang/NoSuchMethodError'{0x0000000086b33b78}: 'int java.lang.invoke.DirectMethodHandle$Holder.invokeStaticInit(java.lang.Object, java.lang.Object, java.lang.Object, java.lang.Object)'> (0x0000000086b33b78) 
thrown [s\open\src\hotspot\share\interpreter\linkResolver.cpp, line 773]
Event: 11.409 Thread 0x000001bbd695ff70 Exception <a 'java/lang/IncompatibleClassChangeError'{0x0000000086824678}: Found class java.lang.Object, but interface was expected> (0x0000000086824678) 
thrown [s\open\src\hotspot\share\interpreter\linkResolver.cpp, line 840]
Event: 11.563 Thread 0x000001bbd695ff70 Exception <a 'java/lang/NoSuchMethodError'{0x00000000854a4b78}: 'java.lang.Object java.lang.invoke.Invokers$Holder.invoke_MT(java.lang.Object, java.lang.Object, java.lang.Object, java.lang.Object, java.lang.Object, java.lang.Object, java.lang.Object, java.lang.Object, java.lang.Object, java.lang.Object, java.lang.Object)'> (0x00000000854a4b78) 
thrown [s\open\src\hotspot\share\interpreter\linkResolver.cpp, line 773]
Event: 11.726 Thread 0x000001bbd695ff70 Exception <a 'java/lang/NoSuchMethodError'{0x0000000084fc2cc0}: 'java.lang.Object java.lang.invoke.DirectMethodHandle$Holder.newInvokeSpecial(java.lang.Object, java.lang.Object, int, java.lang.Object, java.lang.Object)'> (0x0000000084fc2cc0) 
thrown [s\open\src\hotspot\share\interpreter\linkResolver.cpp, line 773]
Event: 11.974 Thread 0x000001bbd695ff70 Exception <a 'java/lang/NoSuchMethodError'{0x00000000844dccd8}: 'void java.lang.invoke.DirectMethodHandle$Holder.invokeSpecialIFC(java.lang.Object, java.lang.Object, int, java.lang.Object, java.lang.Object, java.lang.Object, java.lang.Object)'> (0x00000000844dccd8) 
thrown [s\open\src\hotspot\share\interpreter\linkResolver.cpp, line 773]
Event: 12.192 Thread 0x000001bbd695ff70 Exception <a 'java/lang/NoSuchMethodError'{0x0000000086707c80}: 'int java.lang.invoke.DirectMethodHandle$Holder.invokeStatic(java.lang.Object, java.lang.Object, int, int)'> (0x0000000086707c80) 
thrown [s\open\src\hotspot\share\interpreter\linkResolver.cpp, line 773]
Event: 12.226 Thread 0x000001bbd695ff70 Exception <a 'java/lang/IncompatibleClassChangeError'{0x00000000866166e8}: Found class java.lang.Object, but interface was expected> (0x00000000866166e8) 
thrown [s\open\src\hotspot\share\interpreter\linkResolver.cpp, line 840]
Event: 18.192 Thread 0x000001bbd756c930 Exception <a 'java/lang/NoSuchMethodError'{0x00000000865eaf90}: 'java.lang.Object java.lang.invoke.DirectMethodHandle$Holder.invokeStatic(java.lang.Object, java.lang.Object, java.lang.Object, int, int)'> (0x00000000865eaf90) 
thrown [s\open\src\hotspot\share\interpreter\linkResolver.cpp, line 773]
Event: 18.192 Thread 0x000001bbd756c930 Exception <a 'java/lang/NoSuchMethodError'{0x00000000865ee938}: 'java.lang.Object java.lang.invoke.DirectMethodHandle$Holder.invokeStaticInit(java.lang.Object, java.lang.Object, java.lang.Object, int, int)'> (0x00000000865ee938) 
thrown [s\open\src\hotspot\share\interpreter\linkResolver.cpp, line 773]
Event: 18.223 Thread 0x000001bbd9fc3aa0 Exception <a 'java/lang/NoSuchMethodError'{0x0000000085341a30}: 'java.lang.Object java.lang.invoke.DirectMethodHandle$Holder.invokeSpecial(java.lang.Object, java.lang.Object, java.lang.Object, java.lang.Object, java.lang.Object, long)'> (0x0000000085341a30) 
thrown [s\open\src\hotspot\share\interpreter\linkResolver.cpp, line 773]
Event: 18.223 Thread 0x000001bbd9fc3aa0 Exception <a 'java/lang/NoSuchMethodError'{0x00000000853451b8}: 'java.lang.Object java.lang.invoke.Invokers$Holder.linkToTargetMethod(java.lang.Object, java.lang.Object, java.lang.Object, long, java.lang.Object)'> (0x00000000853451b8) 
thrown [s\open\src\hotspot\share\interpreter\linkResolver.cpp, line 773]

ZGC Phase Switch (0 events):
No events

VM Operations (20 events):
Event: 11.319 Executing VM operation: HandshakeAllThreads (Deoptimize)
Event: 11.319 Executing VM operation: HandshakeAllThreads (Deoptimize) done
Event: 11.724 Executing VM operation: HandshakeAllThreads (Deoptimize)
Event: 11.724 Executing VM operation: HandshakeAllThreads (Deoptimize) done
Event: 11.937 Executing VM operation: HandshakeAllThreads (Deoptimize)
Event: 11.937 Executing VM operation: HandshakeAllThreads (Deoptimize) done
Event: 11.963 Executing VM operation: HandshakeAllThreads (Deoptimize)
Event: 11.963 Executing VM operation: HandshakeAllThreads (Deoptimize) done
Event: 11.977 Executing VM operation: G1CollectForAllocation (G1 Evacuation Pause)
Event: 11.986 Executing VM operation: G1CollectForAllocation (G1 Evacuation Pause) done
Event: 12.163 Executing VM operation: HandshakeAllThreads (Deoptimize)
Event: 12.163 Executing VM operation: HandshakeAllThreads (Deoptimize) done
Event: 13.174 Executing VM operation: Cleanup
Event: 13.174 Executing VM operation: Cleanup done
Event: 16.215 Executing VM operation: Cleanup
Event: 16.215 Executing VM operation: Cleanup done
Event: 18.228 Executing VM operation: Cleanup
Event: 18.229 Executing VM operation: Cleanup done
Event: 18.235 Executing VM operation: HandshakeAllThreads (Deoptimize)
Event: 18.235 Executing VM operation: HandshakeAllThreads (Deoptimize) done

Events (20 events):
Event: 11.700 Thread 0x000001bbd9fc3aa0 Thread exited: 0x000001bbd9fc3aa0
Event: 11.701 Thread 0x000001bbd9fc2060 Thread added: 0x000001bbd9fc2060
Event: 11.736 Thread 0x000001bbd9fc3aa0 Thread added: 0x000001bbd9fc3aa0
Event: 11.737 Thread 0x000001bbd9fc47c0 Thread added: 0x000001bbd9fc47c0
Event: 11.737 Thread 0x000001bbd9fc54e0 Thread added: 0x000001bbd9fc54e0
Event: 11.737 Thread 0x000001bbd9fc26f0 Thread added: 0x000001bbd9fc26f0
Event: 11.737 Thread 0x000001bbd7567a70 Thread added: 0x000001bbd7567a70
Event: 11.737 Thread 0x000001bbd756dce0 Thread added: 0x000001bbd756dce0
Event: 11.737 Thread 0x000001bbd756a1d0 Thread added: 0x000001bbd756a1d0
Event: 11.737 Thread 0x000001bbd756b580 Thread added: 0x000001bbd756b580
Event: 11.737 Thread 0x000001bbd756e370 Thread added: 0x000001bbd756e370
Event: 11.737 Thread 0x000001bbd7568e20 Thread added: 0x000001bbd7568e20
Event: 11.753 Thread 0x000001bbd756ea00 Thread added: 0x000001bbd756ea00
Event: 11.755 Thread 0x000001bbd756c930 Thread added: 0x000001bbd756c930
Event: 12.235 Thread 0x000001bbd695ff70 Thread exited: 0x000001bbd695ff70
Event: 12.237 Thread 0x000001bbd66cd100 Thread exited: 0x000001bbd66cd100
Event: 12.237 Thread 0x000001bbf2783390 Thread exited: 0x000001bbf2783390
Event: 12.237 Thread 0x000001bbd756f090 Thread added: 0x000001bbd756f090
Event: 12.443 Thread 0x000001bbd9fc4e50 Thread exited: 0x000001bbd9fc4e50
Event: 12.740 Thread 0x000001bbd82046e0 Thread exited: 0x000001bbd82046e0


Dynamic libraries:
0x00007ff6e3170000 - 0x00007ff6e3180000 	C:\Program Files\Java\jdk-21\bin\java.exe
0x00007ffdbebb0000 - 0x00007ffdbeda8000 	C:\WINDOWS\SYSTEM32\ntdll.dll
0x00007ffdbd0b0000 - 0x00007ffdbd172000 	C:\WINDOWS\System32\KERNEL32.DLL
0x00007ffdbc7b0000 - 0x00007ffdbcaaf000 	C:\WINDOWS\System32\KERNELBASE.dll
0x00007ffdb96d0000 - 0x00007ffdb9764000 	C:\WINDOWS\SYSTEM32\apphelp.dll
0x00007ffdbc680000 - 0x00007ffdbc780000 	C:\WINDOWS\System32\ucrtbase.dll
0x00007ffdb98f0000 - 0x00007ffdb9909000 	C:\Program Files\Java\jdk-21\bin\jli.dll
0x00007ffdbe020000 - 0x00007ffdbe0cf000 	C:\WINDOWS\System32\ADVAPI32.dll
0x00007ffdac020000 - 0x00007ffdac03b000 	C:\Program Files\Java\jdk-21\bin\VCRUNTIME140.dll
0x00007ffdbcf60000 - 0x00007ffdbcffe000 	C:\WINDOWS\System32\msvcrt.dll
0x00007ffdbddb0000 - 0x00007ffdbde4f000 	C:\WINDOWS\System32\sechost.dll
0x00007ffdbd9d0000 - 0x00007ffdbdaf3000 	C:\WINDOWS\System32\RPCRT4.dll
0x00007ffdbc780000 - 0x00007ffdbc7a7000 	C:\WINDOWS\System32\bcrypt.dll
0x00007ffdbd350000 - 0x00007ffdbd4ed000 	C:\WINDOWS\System32\USER32.dll
0x00007ffdbc300000 - 0x00007ffdbc322000 	C:\WINDOWS\System32\win32u.dll
0x00007ffdbcf30000 - 0x00007ffdbcf5b000 	C:\WINDOWS\System32\GDI32.dll
0x00007ffdbcab0000 - 0x00007ffdbcbca000 	C:\WINDOWS\System32\gdi32full.dll
0x00007ffdbc500000 - 0x00007ffdbc59d000 	C:\WINDOWS\System32\msvcp_win.dll
0x00007ffdaa4c0000 - 0x00007ffdaa75a000 	C:\WINDOWS\WinSxS\amd64_microsoft.windows.common-controls_6595b64144ccf1df_6.0.19041.4355_none_60b8b9eb71f62e16\COMCTL32.dll
0x00007ffdb2a10000 - 0x00007ffdb2a1a000 	C:\WINDOWS\SYSTEM32\VERSION.dll
0x00007ffdbdd80000 - 0x00007ffdbddaf000 	C:\WINDOWS\System32\IMM32.DLL
0x00007ffdac630000 - 0x00007ffdac63c000 	C:\Program Files\Java\jdk-21\bin\vcruntime140_1.dll
0x00007ffd7a210000 - 0x00007ffd7a29e000 	C:\Program Files\Java\jdk-21\bin\msvcp140.dll
0x00007ffd64240000 - 0x00007ffd64f5a000 	C:\Program Files\Java\jdk-21\bin\server\jvm.dll
0x00007ffdbdbd0000 - 0x00007ffdbdc3b000 	C:\WINDOWS\System32\WS2_32.dll
0x00007ffdbc0b0000 - 0x00007ffdbc0fb000 	C:\WINDOWS\SYSTEM32\POWRPROF.dll
0x00007ffda91e0000 - 0x00007ffda9207000 	C:\WINDOWS\SYSTEM32\WINMM.dll
0x00007ffdbc090000 - 0x00007ffdbc0a2000 	C:\WINDOWS\SYSTEM32\UMPDC.dll
0x00007ffdba0f0000 - 0x00007ffdba102000 	C:\WINDOWS\SYSTEM32\kernel.appcore.dll
0x00007ffdac350000 - 0x00007ffdac35a000 	C:\Program Files\Java\jdk-21\bin\jimage.dll
0x00007ffda93c0000 - 0x00007ffda95a4000 	C:\WINDOWS\SYSTEM32\DBGHELP.DLL
0x00007ffd9c8b0000 - 0x00007ffd9c8e4000 	C:\WINDOWS\SYSTEM32\dbgcore.DLL
0x00007ffdbc5f0000 - 0x00007ffdbc672000 	C:\WINDOWS\System32\bcryptPrimitives.dll
0x00007ffdb8ee0000 - 0x00007ffdb8eef000 	C:\Program Files\Java\jdk-21\bin\instrument.dll
0x00007ffdab5a0000 - 0x00007ffdab5bf000 	C:\Program Files\Java\jdk-21\bin\java.dll
0x00007ffdbe1b0000 - 0x00007ffdbe91d000 	C:\WINDOWS\System32\SHELL32.dll
0x00007ffdba2f0000 - 0x00007ffdbaa93000 	C:\WINDOWS\SYSTEM32\windows.storage.dll
0x00007ffdbcbd0000 - 0x00007ffdbcf25000 	C:\WINDOWS\System32\combase.dll
0x00007ffdbbbb0000 - 0x00007ffdbbbdb000 	C:\WINDOWS\SYSTEM32\Wldp.dll
0x00007ffdbdb00000 - 0x00007ffdbdbcd000 	C:\WINDOWS\System32\OLEAUT32.dll
0x00007ffdbe920000 - 0x00007ffdbe9cd000 	C:\WINDOWS\System32\SHCORE.dll
0x00007ffdbe150000 - 0x00007ffdbe1a5000 	C:\WINDOWS\System32\shlwapi.dll
0x00007ffdbc180000 - 0x00007ffdbc1a5000 	C:\WINDOWS\SYSTEM32\profapi.dll
0x00007ffd85e40000 - 0x00007ffd85f17000 	C:\Program Files\Java\jdk-21\bin\jsvml.dll
0x00007ffda7d40000 - 0x00007ffda7d58000 	C:\Program Files\Java\jdk-21\bin\zip.dll
0x00007ffdac530000 - 0x00007ffdac540000 	C:\Program Files\java\jdk-21\bin\net.dll
0x00007ffdb6d30000 - 0x00007ffdb6e3a000 	C:\WINDOWS\SYSTEM32\WINHTTP.dll
0x00007ffdbb910000 - 0x00007ffdbb97c000 	C:\WINDOWS\system32\mswsock.dll
0x00007ffda7d60000 - 0x00007ffda7d76000 	C:\Program Files\java\jdk-21\bin\nio.dll
0x00007ffdb7dc0000 - 0x00007ffdb7dda000 	C:\Program Files\JetBrains\IntelliJ IDEA Community Edition 2024.3.2.2\bin\breakgen64.dll
0x00007ffdaaf60000 - 0x00007ffdaaf69000 	C:\Program Files\java\jdk-21\bin\extnet.dll
0x00007ffdb7e60000 - 0x00007ffdb7e6a000 	C:\Program Files\java\jdk-21\bin\management.dll
0x00007ffdb7e40000 - 0x00007ffdb7e4b000 	C:\Program Files\java\jdk-21\bin\management_ext.dll
0x00007ffdbe000000 - 0x00007ffdbe008000 	C:\WINDOWS\System32\PSAPI.DLL
0x00007ffdb6fa0000 - 0x00007ffdb6fb0000 	C:\Program Files\Java\jdk-21\bin\verify.dll
0x00007ffdac520000 - 0x00007ffdac52e000 	C:\Program Files\java\jdk-21\bin\sunmscapi.dll
0x00007ffdbc330000 - 0x00007ffdbc48c000 	C:\WINDOWS\System32\CRYPT32.dll
0x00007ffdbbc20000 - 0x00007ffdbbc47000 	C:\WINDOWS\SYSTEM32\ncrypt.dll
0x00007ffdbbbe0000 - 0x00007ffdbbc1b000 	C:\WINDOWS\SYSTEM32\NTASN1.dll
0x00007ffdbbb00000 - 0x00007ffdbbb18000 	C:\WINDOWS\SYSTEM32\CRYPTSP.dll
0x00007ffdbb230000 - 0x00007ffdbb268000 	C:\WINDOWS\system32\rsaenh.dll
0x00007ffdbc100000 - 0x00007ffdbc12e000 	C:\WINDOWS\SYSTEM32\USERENV.dll
0x00007ffdbbb20000 - 0x00007ffdbbb2c000 	C:\WINDOWS\SYSTEM32\CRYPTBASE.dll
0x00007ffdbb5f0000 - 0x00007ffdbb62b000 	C:\WINDOWS\SYSTEM32\IPHLPAPI.DLL
0x00007ffdbe010000 - 0x00007ffdbe018000 	C:\WINDOWS\System32\NSI.dll
0x00007ffd5d9f0000 - 0x00007ffd5d9f7000 	C:\WINDOWS\system32\wshunix.dll

dbghelp: loaded successfully - version: 4.0.5 - missing functions: none
symbol engine: initialized successfully - sym options: 0x614 - pdb path: .;C:\Program Files\Java\jdk-21\bin;C:\WINDOWS\SYSTEM32;C:\WINDOWS\WinSxS\amd64_microsoft.windows.common-controls_6595b64144ccf1df_6.0.19041.4355_none_60b8b9eb71f62e16;C:\Program Files\Java\jdk-21\bin\server;C:\Program Files\JetBrains\IntelliJ IDEA Community Edition 2024.3.2.2\bin

VM Arguments:
jvm_args: -javaagent:C:\Program Files\JetBrains\IntelliJ IDEA Community Edition 2024.3.2.2\lib\idea_rt.jar=52978:C:\Program Files\JetBrains\IntelliJ IDEA Community Edition 2024.3.2.2\bin -Dfile.encoding=UTF-8 -Dsun.stdout.encoding=UTF-8 -Dsun.stderr.encoding=UTF-8 
java_command: com.api.boleteria.MiApplicationImpl
java_class_path (initial): C:\Users\usuario\Downloads\cinepass-v2\target\classes;C:\Users\usuario\.m2\repository\org\springframework\boot\spring-boot-starter-data-jpa\3.5.0\spring-boot-starter-data-jpa-3.5.0.jar;C:\Users\usuario\.m2\repository\org\springframework\boot\spring-boot-starter\3.5.0\spring-boot-starter-3.5.0.jar;C:\Users\usuario\.m2\repository\org\springframework\boot\spring-boot-starter-logging\3.5.0\spring-boot-starter-logging-3.5.0.jar;C:\Users\usuario\.m2\repository\ch\qos\logback\logback-classic\1.5.18\logback-classic-1.5.18.jar;C:\Users\usuario\.m2\repository\ch\qos\logback\logback-core\1.5.18\logback-core-1.5.18.jar;C:\Users\usuario\.m2\repository\org\apache\logging\log4j\log4j-to-slf4j\2.24.3\log4j-to-slf4j-2.24.3.jar;C:\Users\usuario\.m2\repository\org\apache\logging\log4j\log4j-api\2.24.3\log4j-api-2.24.3.jar;C:\Users\usuario\.m2\repository\org\slf4j\jul-to-slf4j\2.0.17\jul-to-slf4j-2.0.17.jar;C:\Users\usuario\.m2\repository\jakarta\annotation\jakarta.annotation-api\2.1.1\jakarta.annotation-api-2.1.1.jar;C:\Users\usuario\.m2\repository\org\yaml\snakeyaml\2.4\snakeyaml-2.4.jar;C:\Users\usuario\.m2\repository\org\springframework\boot\spring-boot-starter-jdbc\3.5.0\spring-boot-starter-jdbc-3.5.0.jar;C:\Users\usuario\.m2\repository\com\zaxxer\HikariCP\6.3.0\HikariCP-6.3.0.jar;C:\Users\usuario\.m2\repository\org\springframework\spring-jdbc\6.2.7\spring-jdbc-6.2.7.jar;C:\Users\usuario\.m2\repository\org\hibernate\orm\hibernate-core\6.6.15.Final\hibernate-core-6.6.15.Final.jar;C:\Users\usuario\.m2\repository\jakarta\persistence\jakarta.persistence-api\3.1.0\jakarta.persistence-api-3.1.0.jar;C:\Users\usuario\.m2\repository\jakarta\transaction\jakarta.transaction-api\2.0.1\jakarta.transaction-api-2.0.1.jar;C:\Users\usuario\.m2\repository\org\jboss\logging\jboss-logging\3.6.1.Final\jboss-logging-3.6.1.Final.jar;C:\Users\usuario\.m2\repository\org\hibernate\common\hibernate-commons-annotations\7.0.3.Final\hibernate-commons-annotations-7.0.3.Final.jar;C:\Users\usuario\.m2\repository\io\smallrye\jandex\3.2.0\jandex-3.2.0.jar;C:\Users\usuario\.m2\repository\com\fasterxml\classmate\1.7.0\classmate-1.7.0.jar;C:\Users\usuario\.m2\repository\net\bytebuddy\byte-buddy\1.17.5\byte-buddy-1.17.5.jar;C:\Users\usuario\.m2\repository\org\glassfish\jaxb\jaxb-runtime\4.0.5\jaxb-runtime-4.0.5.jar;C:\Users\usuario\.m2\repository\org\glassfish\jaxb\jaxb-core\4.0.5\jaxb-core-4.0.5.jar;C:\Users\usuario\.m2\repository\org\eclipse\angus\angus-activation\2.0.2\angus-activation-2.0.2.jar;C:\Users\usuario\.m2\repository\org\glassfish\jaxb\txw2\4.0.5\txw2-4.0.5.jar;C:\Users\usuario\.m2\repository\com\sun\istack\istack-commons-runtime\4.1.2\istack-commons-runtime-4.1.2.jar;C:\Users\usuario\.m2\repository\jakarta\inject\jakarta.inject-api\2.0.1\jakarta.inject-api-2.0.1.jar;C:\Users\usuario\.m2\repository\org\antlr\antlr4-runtime\4.13.0\antlr4-runtime-4.13.0.jar;C:\Users\usuario\.m2\repository\org\springframework\data\spring-data-jpa\3.5.0\spring-data-jpa-3.5.0.jar;C:\Users\usuario\.m2\repository\org\springframework\data\spring-data-commons\3.5.0\spring-data-commons-3.5.0.jar;C:\Users\usuario\.m2\repository\org\springframework\spring-orm\6.2.7\spring-orm-6.2.7.jar;C:\Users\usuario\.m2\repository\org\springframework\spring-context\6.2.7\spring-context-6.2.7.jar;C:\Users\usuario\.m2\repository\org\springframework\spring-tx\6.2.7\spring-tx-6.2.7.jar;C:\Users\usuario\.m2\repository\org\springframework\spring-beans\6.2.7\spring-beans-6.2.7.jar;C:\Users\usuario\.m2\repository\org\slf4j\slf4j-api\2.0.17\slf4j-api-2.0.17.jar;C:\Users\usuario\.m2\repository\org\springframework\spring-aspects\6.2.7\spring-aspects-6.2.7.jar;C:\Users\usuario\.m2\repository\org\aspectj\aspectjweaver\1.9.24\aspectjweaver-1.9.24.jar;C:\Users\usuario\.m2\repository\org\springframework\boot\spring-boot-starter-security\3.5.0\spring-boot-starter-security-3.5.0.jar;C:\Users\usuario\.m2\repository\org\springframework\spring-aop\6.2.7\spring-aop-6.2.7.jar;C:\Users\usuario\.m2\repository\org\springframework\security\spring-security-config\6.5.0\spring-security-config-6.5.0.jar;C:\Users\usuario\.m2\repository\org\springframework\security\spring-security-web\6.5.0\spring-security-web-6.5.0.jar;C:\Users\usuario\.m2\repository\org\springframework\spring-expression\6.2.7\spring-expression-6.2.7.jar;C:\Users\usuario\.m2\repository\org\springframework\boot\spring-boot-starter-validation\3.5.0\spring-boot-starter-validation-3.5.0.jar;C:\Users\usuario\.m2\repository\org\apache\tomcat\embed\tomcat-embed-el\10.1.41\tomcat-embed-el-10.1.41.jar;C:\Users\usuario\.m2\repository\org\hibernate\validator\hibernate-validator\8.0.2.Final\hibernate-validator-8.0.2.Final.jar;C:\Users\usuario\.m2\repository\jakarta\validation\jakarta.validation-api\3.0.2\jakarta.validation-api-3.0.2.jar;C:\Users\usuario\.m2\repository\org\springframework\boot\spring-boot-starter-web\3.5.0\spring-boot-starter-web-3.5.0.jar;C:\Users\usuario\.m2\repository\org\springframework\boot\spring-boot-starter-json\3.5.0\spring-boot-starter-json-3.5.0.jar;C:\Users\usuario\.m2\repository\com\fasterxml\jackson\datatype\jackson-datatype-jdk8\2.19.0\jackson-datatype-jdk8-2.19.0.jar;C:\Users\usuario\.m2\repository\com\fasterxml\jackson\datatype\jackson-datatype-jsr310\2.19.0\jackson-datatype-jsr310-2.19.0.jar;C:\Users\usuario\.m2\repository\com\fasterxml\jackson\module\jackson-module-parameter-names\2.19.0\jackson-module-parameter-names-2.19.0.jar;C:\Users\usuario\.m2\repository\org\springframework\boot\spring-boot-starter-tomcat\3.5.0\spring-boot-starter-tomcat-3.5.0.jar;C:\Users\usuario\.m2\repository\org\apache\tomcat\embed\tomcat-embed-core\10.1.41\tomcat-embed-core-10.1.41.jar;C:\Users\usuario\.m2\repository\org\apache\tomcat\embed\tomcat-embed-websocket\10.1.41\tomcat-embed-websocket-10.1.41.jar;C:\Users\usuario\.m2\repository\org\springframework\spring-web\6.2.7\spring-web-6.2.7.jar;C:\Users\usuario\.m2\repository\io\micrometer\micrometer-observation\1.15.0\micrometer-observation-1.15.0.jar;C:\Users\usuario\.m2\repository\io\micrometer\micrometer-commons\1.15.0\micrometer-commons-1.15.0.jar;C:\Users\usuario\.m2\repository\org\springframework\spring-webmvc\6.2.7\spring-webmvc-6.2.7.jar;C:\Users\usuario\.m2\repository\org\springframework\boot\spring-boot-devtools\3.5.0\spring-boot-devtools-3.5.0.jar;C:\Users\usuario\.m2\repository\org\springframework\boot\spring-boot\3.5.0\spring-boot-3.5.0.jar;C:\Users\usuario\.m2\repository\org\springframework\boot\spring-boot-autoconfigure\3.5.0\spring-boot-autoconfigure-3.5.0.jar;C:\Users\usuario\.m2\repository\com\mysql\mysql-connector-j\9.2.0\mysql-connector-j-9.2.0.jar;C:\Users\usuario\.m2\repository\jakarta\xml\bind\jakarta.xml.bind-api\4.0.2\jakarta.xml.bind-api-4.0.2.jar;C:\Users\usuario\.m2\repository\jakarta\activation\jakarta.activation-api\2.1.3\jakarta.activation-api-2.1.3.jar;C:\Users\usuario\.m2\repository\org\ow2\asm\asm\9.7.1\asm-9.7.1.jar;C:\Users\usuario\.m2\repository\org\hamcrest\hamcrest\3.0\hamcrest-3.0.jar;C:\Users\usuario\.m2\repository\org\springframework\spring-core\6.2.7\spring-core-6.2.7.jar;C:\Users\usuario\.m2\repository\org\springframework\spring-jcl\6.2.7\spring-jcl-6.2.7.jar;C:\Users\usuario\.m2\repository\org\springframework\security\spring-security-core\6.5.0\spring-security-core-6.5.0.jar;C:\Users\usuario\.m2\repository\org\springframework\security\spring-security-crypto\6.5.0\spring-security-crypto-6.5.0.jar;C:\Users\usuario\.m2\repository\io\jsonwebtoken\jjwt-api\0.11.5\jjwt-api-0.11.5.jar;C:\Users\usuario\.m2\repository\io\jsonwebtoken\jjwt-impl\0.11.5\jjwt-impl-0.11.5.jar;C:\Users\usuario\.m2\repository\io\jsonwebtoken\jjwt-jackson\0.11.5\jjwt-jackson-0.11.5.jar;C:\Users\usuario\.m2\repository\com\fasterxml\jackson\core\jackson-databind\2.19.0\jackson-databind-2.19.0.jar;C:\Users\usuario\.m2\repository\com\fasterxml\jackson\core\jackson-annotations\2.19.0\jackson-annotations-2.19.0.jar;C:\Users\usuario\.m2\repository\com\fasterxml\jackson\core\jackson-core\2.19.0\jackson-core-2.19.0.jar;C:\Users\usuario\.m2\repository\com\mercadopago\sdk-java\2.1.7\sdk-java-2.1.7.jar;C:\Users\usuario\.m2\repository\org\apache\maven\plugins\maven-javadoc-plugin\3.3.2\maven-javadoc-plugin-3.3.2.jar;C:\Users\usuario\.m2\repository\org\apache\maven\maven-core\3.0\maven-core-3.0.jar;C:\Users\usuario\.m2\repository\org\apache\maven\maven-settings-builder\3.0\maven-settings-builder-3.0.jar;C:\Users\usuario\.m2\repository\org\apache\maven\maven-repository-metadata\3.0\maven-repository-metadata-3.0.jar;C:\Users\usuario\.m2\repository\org\apache\maven\maven-model-builder\3.0\maven-model-builder-3.0.jar;C:\Users\usuario\.m2\repository\org\apache\maven\maven-aether-provider\3.0\maven-aether-provider-3.0.jar;C:\Users\usuario\.m2\repository\org\sonatype\aether\aether-impl\1.7\aether-impl-1.7.jar;C:\Users\usuario\.m2\repository\org\sonatype\aether\aether-spi\1.7\aether-spi-1.7.jar;C:\Users\usuario\.m2\repository\org\sonatype\aether\aether-api\1.7\aether-api-1.7.jar;C:\Users\usuario\.m2\repository\org\sonatype\aether\aether-util\1.7\aether-util-1.7.jar;C:\Users\usuario\.m2\repository\org\sonatype\sisu\sisu-inject-plexus\1.4.2\sisu-inject-plexus-1.4.2.jar;C:\Users\usuario\.m2\repository\org\sonatype\sisu\sisu-inject-bean\1.4.2\sisu-inject-bean-1.4.2.jar;C:\Users\usuario\.m2\repository\org\sonatype\sisu\sisu-guice\2.1.7\sisu-guice-2.1.7-noaop.jar;C:\Users\usuario\.m2\repository\org\codehaus\plexus\plexus-interpolation\1.14\plexus-interpolation-1.14.jar;C:\Users\usuario\.m2\repository\org\codehaus\plexus\plexus-classworlds\2.2.3\plexus-classworlds-2.2.3.jar;C:\Users\usuario\.m2\repository\org\codehaus\plexus\plexus-component-annotations\1.5.5\plexus-component-annotations-1.5.5.jar;C:\Users\usuario\.m2\repository\org\sonatype\plexus\plexus-sec-dispatcher\1.3\plexus-sec-dispatcher-1.3.jar;C:\Users\usuario\.m2\repository\org\sonatype\plexus\plexus-cipher\1.4\plexus-cipher-1.4.jar;C:\Users\usuario\.m2\repository\org\apache\maven\maven-model\3.0\maven-model-3.0.jar;C:\Users\usuario\.m2\repository\org\apache\maven\maven-settings\3.0\maven-settings-3.0.jar;C:\Users\usuario\.m2\repository\org\apache\maven\maven-plugin-api\3.0\maven-plugin-api-3.0.jar;C:\Users\usuario\.m2\repository\org\apache\maven\maven-artifact\3.0\maven-artifact-3.0.jar;C:\Users\usuario\.m2\repository\org\apache\maven\reporting\maven-reporting-api\3.1.0\maven-reporting-api-3.1.0.jar;C:\Users\usuario\.m2\repository\org\apache\maven\maven-archiver\3.5.1\maven-archiver-3.5.1.jar;C:\Users\usuario\.m2\repository\org\apache\maven\shared\maven-shared-utils\3.3.3\maven-shared-utils-3.3.3.jar;C:\Users\usuario\.m2\repository\org\apache\maven\shared\maven-invoker\3.1.0\maven-invoker-3.1.0.jar;C:\Users\usuario\.m2\repository\javax\inject\javax.inject\1\javax.inject-1.jar;C:\Users\usuario\.m2\repository\org\apache\maven\shared\maven-common-artifact-filters\3.1.1\maven-common-artifact-filters-3.1.1.jar;C:\Users\usuario\.m2\repository\org\apache\maven\shared\maven-artifact-transfer\0.13.1\maven-artifact-transfer-0.13.1.jar;C:\Users\usuario\.m2\repository\org\apache\maven\doxia\doxia-sink-api\1.11.1\doxia-sink-api-1.11.1.jar;C:\Users\usuario\.m2\repository\org\apache\maven\doxia\doxia-logging-api\1.11.1\doxia-logging-api-1.11.1.jar;C:\Users\usuario\.m2\repository\org\apache\maven\doxia\doxia-site-renderer\1.11.1\doxia-site-renderer-1.11.1.jar;C:\Users\usuario\.m2\repository\org\apache\maven\doxia\doxia-core\1.11.1\doxia-core-1.11.1.jar;C:\Users\usuario\.m2\repository\org\apache\maven\doxia\doxia-decoration-model\1.11.1\doxia-decoration-model-1.11.1.jar;C:\Users\usuario\.m2\repository\org\apache\maven\doxia\doxia-skin-model\1.11.1\doxia-skin-model-1.11.1.jar;C:\Users\usuario\.m2\repository\org\apache\maven\doxia\doxia-module-xhtml\1.11.1\doxia-module-xhtml-1.11.1.jar;C:\Users\usuario\.m2\repository\org\apache\maven\doxia\doxia-module-xhtml5\1.11.1\doxia-module-xhtml5-1.11.1.jar;C:\Users\usuario\.m2\repository\org\codehaus\plexus\plexus-i18n\1.0-beta-10\plexus-i18n-1.0-beta-10.jar;C:\Users\usuario\.m2\repository\org\codehaus\plexus\plexus-container-default\1.0-alpha-30\plexus-container-default-1.0-alpha-30.jar;C:\Users\usuario\.m2\repository\junit\junit\4.13.2\junit-4.13.2.jar;C:\Users\usuario\.m2\repository\org\hamcrest\hamcrest-core\3.0\hamcrest-core-3.0.jar;C:\Users\usuario\.m2\repository\org\codehaus\plexus\plexus-velocity\1.2\plexus-velocity-1.2.jar;C:\Users\usuario\.m2\repository\org\apache\velocity\velocity\1.7\velocity-1.7.jar;C:\Users\usuario\.m2\repository\commons-lang\commons-lang\2.4\commons-lang-2.4.jar;C:\Users\usuario\.m2\repository\org\apache\velocity\velocity-tools\2.0\velocity-tools-2.0.jar;C:\Users\usuario\.m2\repository\commons-beanutils\commons-beanutils\1.7.0\commons-beanutils-1.7.0.jar;C:\Users\usuario\.m2\repository\commons-digester\commons-digester\1.8\commons-digester-1.8.jar;C:\Users\usuario\.m2\repository\commons-chain\commons-chain\1.1\commons-chain-1.1.jar;C:\Users\usuario\.m2\repository\dom4j\dom4j\1.1\dom4j-1.1.jar;C:\Users\usuario\.m2\repository\oro\oro\2.0.8\oro-2.0.8.jar;C:\Users\usuario\.m2\repository\commons-collections\commons-collections\3.2.2\commons-collections-3.2.2.jar;C:\Users\usuario\.m2\repository\org\apache\maven\wagon\wagon-provider-api\2.4\wagon-provider-api-2.4.jar;C:\Users\usuario\.m2\repository\org\apache\commons\commons-lang3\3.17.0\commons-lang3-3.17.0.jar;C:\Users\usuario\.m2\repository\org\apache\commons\commons-text\1.9\commons-text-1.9.jar;C:\Users\usuario\.m2\repository\org\apache\httpcomponents\httpcore\4.4.16\httpcore-4.4.16.jar;C:\Users\usuario\.m2\repository\com\thoughtworks\qdox\qdox\2.0.1\qdox-2.0.1.jar;C:\Users\usuario\.m2\repository\org\codehaus\plexus\plexus-java\1.1.0\plexus-java-1.1.0.jar;C:\Users\usuario\.m2\repository\org\codehaus\plexus\plexus-archiver\4.2.6\plexus-archiver-4.2.6.jar;C:\Users\usuario\.m2\repository\org\apache\commons\commons-compress\1.21\commons-compress-1.21.jar;C:\Users\usuario\.m2\repository\org\iq80\snappy\snappy\0.4\snappy-0.4.jar;C:\Users\usuario\.m2\repository\org\tukaani\xz\1.9\xz-1.9.jar;C:\Users\usuario\.m2\repository\org\codehaus\plexus\plexus-io\3.2.0\plexus-io-3.2.0.jar;C:\Users\usuario\.m2\repository\org\codehaus\plexus\plexus-utils\3.3.0\plexus-utils-3.3.0.jar;C:\Users\usuario\.m2\repository\commons-io\commons-io\2.11.0\commons-io-2.11.0.jar;C:\Users\usuario\.m2\repository\org\codehaus\plexus\plexus-interactivity-api\1.1\plexus-interactivity-api-1.1.jar;C:\Users\usuario\.m2\repository\org\apache\httpcomponents\httpclient\4.5.13\httpclient-4.5.13.jar;C:\Users\usuario\.m2\repository\commons-logging\commons-logging\1.2\commons-logging-1.2.jar;C:\Users\usuario\.m2\repository\commons-codec\commons-codec\1.18.0\commons-codec-1.18.0.jar;C:\Users\usuario\.m2\repository\com\google\code\gson\gson\2.13.1\gson-2.13.1.jar;C:\Users\usuario\.m2\repository\com\google\errorprone\error_prone_annotations\2.38.0\error_prone_annotations-2.38.0.jar
Launcher Type: SUN_STANDARD

[Global flags]
     intx CICompilerCount                          = 3                                         {product} {ergonomic}
     uint ConcGCThreads                            = 1                                         {product} {ergonomic}
     uint G1ConcRefinementThreads                  = 4                                         {product} {ergonomic}
   size_t G1HeapRegionSize                         = 1048576                                   {product} {ergonomic}
    uintx GCDrainStackTargetSize                   = 64                                        {product} {ergonomic}
   size_t InitialHeapSize                          = 134217728                                 {product} {ergonomic}
   size_t MarkStackSize                            = 4194304                                   {product} {ergonomic}
   size_t MaxHeapSize                              = 2122317824                                {product} {ergonomic}
   size_t MaxNewSize                               = 1272971264                                {product} {ergonomic}
   size_t MinHeapDeltaBytes                        = 1048576                                   {product} {ergonomic}
   size_t MinHeapSize                              = 8388608                                   {product} {ergonomic}
    uintx NonNMethodCodeHeapSize                   = 5832780                                {pd product} {ergonomic}
    uintx NonProfiledCodeHeapSize                  = 122912730                              {pd product} {ergonomic}
    uintx ProfiledCodeHeapSize                     = 122912730                              {pd product} {ergonomic}
    uintx ReservedCodeCacheSize                    = 251658240                              {pd product} {ergonomic}
     bool SegmentedCodeCache                       = true                                      {product} {ergonomic}
   size_t SoftMaxHeapSize                          = 2122317824                             {manageable} {ergonomic}
     bool UseCompressedOops                        = true                           {product lp64_product} {ergonomic}
     bool UseG1GC                                  = true                                      {product} {ergonomic}
     bool UseLargePagesIndividualAllocation        = false                                  {pd product} {ergonomic}

Logging:
Log output configuration:
 #0: stdout all=warning uptime,level,tags foldmultilines=false
 #1: stderr all=off uptime,level,tags foldmultilines=false

Environment Variables:
JAVA_HOME=C:\Program Files\java\jdk-19.0.1
PATH=C:\Program Files\Common Files\Oracle\Java\javapath;C:\Program Files\CodeBlocks\MinGW;C:\Program Files\java\jdk-19.0.1\bin;C:\Program Files\dotnet\;C:\Program Files\Microsoft SQL Server\120\Tools\Binn\;C:\Program Files\Common Files\Autodesk Shared\;C:\Users\usuario\Documents\apache-maven-3.9.5\bin;C:\Program Files\Inkscape\bin;C:\Program Files\nodejs\;C:\Users\usuario\AppData\Local\Programs\Python\Python312\Scripts\;C:\Users\usuario\AppData\Local\Programs\Python\Python312\;C:\Users\usuario\AppData\Local\Programs\Python\Python311\Scripts\;C:\Users\usuario\AppData\Local\Programs\Python\Python311\;C:\Users\usuario\AppData\Local\Microsoft\WindowsApps;C:\Users\usuario\AppData\Local\Programs\Microsoft VS Code\bin;C:\Users\usuario\AppData\Local\Programs\Git\cmd;C:\Users\usuario\AppData\Roaming\npm
USERNAME=usuario
OS=Windows_NT
PROCESSOR_IDENTIFIER=Intel64 Family 6 Model 60 Stepping 3, GenuineIntel
TMP=C:\Users\usuario\AppData\Local\Temp
TEMP=C:\Users\usuario\AppData\Local\Temp




Periodic native trim disabled

---------------  S Y S T E M  ---------------

OS:
 Windows 10 , 64 bit Build 19041 (10.0.19041.5438)
OS uptime: 0 days 2:28 hours

CPU: total 4 (initial active 4) (2 cores per cpu, 2 threads per core) family 6 model 60 stepping 3 microcode 0x27, cx8, cmov, fxsr, ht, mmx, sse, sse2, sse3, ssse3, sse4.1, sse4.2, popcnt, lzcnt, tsc, tscinvbit, avx, avx2, aes, erms, clmul, bmi1, bmi2, fma, vzeroupper, clflush, rdtscp, f16c
Processor Information for all 4 processors :
  Max Mhz: 3700, Current Mhz: 3700, Mhz Limit: 3700

Memory: 4k page, system-wide physical 8092M (556M free)
TotalPageFile size 8604M (AvailPageFile size 4M)
current process WorkingSet (physical memory assigned to process): 257M, peak: 282M
current process commit charge ("private bytes"): 297M, peak: 314M

vm_info: Java HotSpot(TM) 64-Bit Server VM (21.0.6+8-LTS-188) for windows-amd64 JRE (21.0.6+8-LTS-188), built on 2024-12-03T10:50:54Z by "mach5one" with MS VC++ 17.6 (VS2022)

END.
