#
# There is insufficient memory for the Java Runtime Environment to continue.
# Native memory allocation (malloc) failed to allocate 43376 bytes for Chunk::new
# Possible reasons:
#   The system is out of physical RAM or swap space
#   The process is running with CompressedOops enabled, and the Java Heap may be blocking the growth of the native heap
# Possible solutions:
#   Reduce memory load on the system
#   Increase physical memory or swap space
#   Check if swap backing store is full
#   Decrease Java heap size (-Xmx/-Xms)
#   Decrease number of Java threads
#   Decrease Java thread stack sizes (-Xss)
#   Set larger code cache with -XX:ReservedCodeCacheSize=
#   JVM is running with Unscaled Compressed Oops mode in which the Java heap is
#     placed in the first 4GB address space. The Java Heap base address is the
#     maximum limit for the native heap growth. Please use -XX:HeapBaseMinAddress
#     to set the Java Heap base and to place the Java Heap above 4GB virtual address.
# This output file may be truncated or incomplete.
#
#  Out of Memory Error (arena.cpp:168), pid=8852, tid=6468
#
# JRE version: Java(TM) SE Runtime Environment (21.0.6+8) (build 21.0.6+8-LTS-188)
# Java VM: Java HotSpot(TM) 64-Bit Server VM (21.0.6+8-LTS-188, mixed mode, sharing, tiered, compressed oops, compressed class ptrs, g1 gc, windows-amd64)
# No core dump will be written. Minidumps are not enabled by default on client versions of Windows
#

---------------  S U M M A R Y ------------

Command Line: -javaagent:C:\Program Files\JetBrains\IntelliJ IDEA Community Edition 2024.3.2.2\lib\idea_rt.jar=53032:C:\Program Files\JetBrains\IntelliJ IDEA Community Edition 2024.3.2.2\bin -Dfile.encoding=UTF-8 -Dsun.stdout.encoding=UTF-8 -Dsun.stderr.encoding=UTF-8 com.api.boleteria.MiApplicationImpl

Host: Intel(R) Core(TM) i3-4170 CPU @ 3.70GHz, 4 cores, 7G,  Windows 10 , 64 bit Build 19041 (10.0.19041.5438)
Time: Mon Oct 27 11:07:02 2025 Hora estándar de Argentina elapsed time: 64.740827 seconds (0d 0h 1m 4s)

---------------  T H R E A D  ---------------

Current thread (0x000001fbfdd9ff20):  JavaThread "C2 CompilerThread0" daemon [_thread_in_native, id=6468, stack(0x000000f1fff00000,0x000000f200000000) (1024K)]


Current CompileTask:
C2:  64740 7690       4       sun.net.www.protocol.jar.Handler::parseURL (173 bytes)

Stack: [0x000000f1fff00000,0x000000f200000000]
Native frames: (J=compiled Java code, j=interpreted, Vv=VM code, C=native code)
V  [jvm.dll+0x6ca6d9]
V  [jvm.dll+0x854f51]
V  [jvm.dll+0x85747e]
V  [jvm.dll+0x857b53]
V  [jvm.dll+0x27dcc6]
V  [jvm.dll+0xc4c2d]
V  [jvm.dll+0xc5163]
V  [jvm.dll+0x1449a1]
V  [jvm.dll+0x143eec]
V  [jvm.dll+0x6cfc08]
V  [jvm.dll+0x246ced]
V  [jvm.dll+0x245eff]
V  [jvm.dll+0x1c6d2e]
V  [jvm.dll+0x2554f9]
V  [jvm.dll+0x253a8a]
V  [jvm.dll+0x3ee576]
V  [jvm.dll+0x7ff2fb]
V  [jvm.dll+0x6c8dbd]
C  [ucrtbase.dll+0x21bb2]
C  [KERNEL32.DLL+0x17374]
C  [ntdll.dll+0x4cc91]


---------------  P R O C E S S  ---------------

Threads class SMR info:
_java_thread_list=0x000001fbdffcd450, length=31, elements={
0x000001fbfdd97000, 0x000001fbfdd9ae30, 0x000001fbfdd9cea0, 0x000001fbfdd9dd00,
0x000001fbfdd9e750, 0x000001fbfdd9f1a0, 0x000001fbfdd9ff20, 0x000001fbfddb4a40,
0x000001fb976adb00, 0x000001fb977ec440, 0x000001fb977ecaa0, 0x000001fbde8a10b0,
0x000001fbde89e950, 0x000001fbde89efe0, 0x000001fbde8a0a20, 0x000001fbde8a1740,
0x000001fbe2463e60, 0x000001fbe2468000, 0x000001fbe2465f30, 0x000001fbe2467970,
0x000001fbe2466c50, 0x000001fbe2468d20, 0x000001fbe24693b0, 0x000001fbe24672e0,
0x000001fbe2465210, 0x000001fbe2468690, 0x000001fbe2462ab0, 0x000001fbe24637d0,
0x000001fbe24644f0, 0x000001fbe2462420, 0x000001fbe24658a0
}

Java Threads: ( => current thread )
  0x000001fbfdd97000 JavaThread "Reference Handler"          daemon [_thread_blocked, id=7176, stack(0x000000f1ff900000,0x000000f1ffa00000) (1024K)]
  0x000001fbfdd9ae30 JavaThread "Finalizer"                  daemon [_thread_blocked, id=11516, stack(0x000000f1ffa00000,0x000000f1ffb00000) (1024K)]
  0x000001fbfdd9cea0 JavaThread "Signal Dispatcher"          daemon [_thread_blocked, id=7236, stack(0x000000f1ffb00000,0x000000f1ffc00000) (1024K)]
  0x000001fbfdd9dd00 JavaThread "Attach Listener"            daemon [_thread_blocked, id=4224, stack(0x000000f1ffc00000,0x000000f1ffd00000) (1024K)]
  0x000001fbfdd9e750 JavaThread "Service Thread"             daemon [_thread_blocked, id=1768, stack(0x000000f1ffd00000,0x000000f1ffe00000) (1024K)]
  0x000001fbfdd9f1a0 JavaThread "Monitor Deflation Thread"   daemon [_thread_blocked, id=6856, stack(0x000000f1ffe00000,0x000000f1fff00000) (1024K)]
=>0x000001fbfdd9ff20 JavaThread "C2 CompilerThread0"         daemon [_thread_in_native, id=6468, stack(0x000000f1fff00000,0x000000f200000000) (1024K)]
  0x000001fbfddb4a40 JavaThread "C1 CompilerThread0"         daemon [_thread_blocked, id=9204, stack(0x000000f180000000,0x000000f180100000) (1024K)]
  0x000001fb976adb00 JavaThread "Common-Cleaner"             daemon [_thread_blocked, id=9664, stack(0x000000f180100000,0x000000f180200000) (1024K)]
  0x000001fb977ec440 JavaThread "Monitor Ctrl-Break"         daemon [_thread_in_native, id=3180, stack(0x000000f180300000,0x000000f180400000) (1024K)]
  0x000001fb977ecaa0 JavaThread "Notification Thread"        daemon [_thread_blocked, id=10108, stack(0x000000f180400000,0x000000f180500000) (1024K)]
  0x000001fbde8a10b0 JavaThread "Catalina-utility-1"                [_thread_blocked, id=9388, stack(0x000000f180a00000,0x000000f180b00000) (1024K)]
  0x000001fbde89e950 JavaThread "Catalina-utility-2"                [_thread_blocked, id=7956, stack(0x000000f180b00000,0x000000f180c00000) (1024K)]
  0x000001fbde89efe0 JavaThread "container-0"                       [_thread_blocked, id=11824, stack(0x000000f180c00000,0x000000f180d00000) (1024K)]
  0x000001fbde8a0a20 JavaThread "mysql-cj-abandoned-connection-cleanup" daemon [_thread_blocked, id=7372, stack(0x000000f180d00000,0x000000f180e00000) (1024K)]
  0x000001fbde8a1740 JavaThread "HikariPool-1:housekeeper"   daemon [_thread_blocked, id=9396, stack(0x000000f180f00000,0x000000f181000000) (1024K)]
  0x000001fbe2463e60 JavaThread "File Watcher"               daemon [_thread_blocked, id=3136, stack(0x000000f181100000,0x000000f181200000) (1024K)]
  0x000001fbe2468000 JavaThread "Live Reload Server"         daemon [_thread_in_native, id=6300, stack(0x000000f181300000,0x000000f181400000) (1024K)]
  0x000001fbe2465f30 JavaThread "http-nio-8080-exec-1"       daemon [_thread_blocked, id=9420, stack(0x000000f181200000,0x000000f181300000) (1024K)]
  0x000001fbe2467970 JavaThread "http-nio-8080-exec-2"       daemon [_thread_in_vm, id=4624, stack(0x000000f181400000,0x000000f181500000) (1024K)]
  0x000001fbe2466c50 JavaThread "http-nio-8080-exec-3"       daemon [_thread_blocked, id=10944, stack(0x000000f181500000,0x000000f181600000) (1024K)]
  0x000001fbe2468d20 JavaThread "http-nio-8080-exec-4"       daemon [_thread_blocked, id=7368, stack(0x000000f181600000,0x000000f181700000) (1024K)]
  0x000001fbe24693b0 JavaThread "http-nio-8080-exec-5"       daemon [_thread_blocked, id=1800, stack(0x000000f181700000,0x000000f181800000) (1024K)]
  0x000001fbe24672e0 JavaThread "http-nio-8080-exec-6"       daemon [_thread_blocked, id=8204, stack(0x000000f181800000,0x000000f181900000) (1024K)]
  0x000001fbe2465210 JavaThread "http-nio-8080-exec-7"       daemon [_thread_blocked, id=11588, stack(0x000000f181900000,0x000000f181a00000) (1024K)]
  0x000001fbe2468690 JavaThread "http-nio-8080-exec-8"       daemon [_thread_blocked, id=5728, stack(0x000000f181a00000,0x000000f181b00000) (1024K)]
  0x000001fbe2462ab0 JavaThread "http-nio-8080-exec-9"       daemon [_thread_blocked, id=4560, stack(0x000000f181b00000,0x000000f181c00000) (1024K)]
  0x000001fbe24637d0 JavaThread "http-nio-8080-exec-10"      daemon [_thread_blocked, id=11500, stack(0x000000f181c00000,0x000000f181d00000) (1024K)]
  0x000001fbe24644f0 JavaThread "http-nio-8080-Poller"       daemon [_thread_in_native, id=1868, stack(0x000000f181d00000,0x000000f181e00000) (1024K)]
  0x000001fbe2462420 JavaThread "http-nio-8080-Acceptor"     daemon [_thread_in_native, id=1788, stack(0x000000f181e00000,0x000000f181f00000) (1024K)]
  0x000001fbe24658a0 JavaThread "DestroyJavaVM"                     [_thread_blocked, id=11004, stack(0x000000f1ff100000,0x000000f1ff200000) (1024K)]
Total: 31

Other Threads:
  0x000001fbfdd79950 VMThread "VM Thread"                           [id=3476, stack(0x000000f1ff800000,0x000000f1ff900000) (1024K)]
  0x000001fbfdd68a50 WatcherThread "VM Periodic Task Thread"        [id=6564, stack(0x000000f1ff700000,0x000000f1ff800000) (1024K)]
  0x000001fbf711b030 WorkerThread "GC Thread#0"                     [id=3100, stack(0x000000f1ff200000,0x000000f1ff300000) (1024K)]
  0x000001fbdd7fe3d0 WorkerThread "GC Thread#1"                     [id=3760, stack(0x000000f180500000,0x000000f180600000) (1024K)]
  0x000001fbdd7fe770 WorkerThread "GC Thread#2"                     [id=1564, stack(0x000000f180600000,0x000000f180700000) (1024K)]
  0x000001fbdd55d330 WorkerThread "GC Thread#3"                     [id=5776, stack(0x000000f180700000,0x000000f180800000) (1024K)]
  0x000001fbf712cde0 ConcurrentGCThread "G1 Main Marker"            [id=10068, stack(0x000000f1ff300000,0x000000f1ff400000) (1024K)]
  0x000001fbf712d7f0 WorkerThread "G1 Conc#0"                       [id=940, stack(0x000000f1ff400000,0x000000f1ff500000) (1024K)]
  0x000001fbf716eaf0 ConcurrentGCThread "G1 Refine#0"               [id=3444, stack(0x000000f1ff500000,0x000000f1ff600000) (1024K)]
  0x000001fbfdc2b780 ConcurrentGCThread "G1 Service"                [id=4820, stack(0x000000f1ff600000,0x000000f1ff700000) (1024K)]
Total: 10

Threads with active compile tasks:
C2 CompilerThread0    64760 7690       4       sun.net.www.protocol.jar.Handler::parseURL (173 bytes)
Total: 1

VM state: not at safepoint (normal execution)

VM Mutex/Monitor currently owned by a thread:  ([mutex/lock_event])
[0x00007ffd64e7be18] Metaspace_lock - owner thread: 0x000001fbe2467970

Heap address: 0x0000000081800000, size: 2024 MB, Compressed Oops mode: 32-bit

CDS archive(s) mapped at: [0x000001fb98000000-0x000001fb98c90000-0x000001fb98c90000), size 13172736, SharedBaseAddress: 0x000001fb98000000, ArchiveRelocationMode: 1.
Compressed class space mapped at: 0x000001fb99000000-0x000001fbd9000000, reserved size: 1073741824
Narrow klass base: 0x000001fb98000000, Narrow klass shift: 0, Narrow klass range: 0x100000000

GC Precious Log:
 CardTable entry size: 512
 Card Set container configuration: InlinePtr #cards 5 size 8 Array Of Cards #cards 12 size 40 Howl #buckets 4 coarsen threshold 1843 Howl Bitmap #cards 512 size 80 coarsen threshold 460 Card regions per heap region 1 cards per card region 2048
 CPUs: 4 total, 4 available
 Memory: 8092M
 Large Page Support: Disabled
 NUMA Support: Disabled
 Compressed Oops: Enabled (32-bit)
 Heap Region Size: 1M
 Heap Min Capacity: 8M
 Heap Initial Capacity: 128M
 Heap Max Capacity: 2024M
 Pre-touch: Disabled
 Parallel Workers: 4
 Concurrent Workers: 1
 Concurrent Refinement Workers: 4
 Periodic GC: Disabled

Heap:
 garbage-first heap   total 70656K, used 49916K [0x0000000081800000, 0x0000000100000000)
  region size 1024K, 16 young (16384K), 3 survivors (3072K)
 Metaspace       used 75548K, committed 76224K, reserved 1179648K
  class space    used 10175K, committed 10496K, reserved 1048576K

Heap Regions: E=young(eden), S=young(survivor), O=old, HS=humongous(starts), HC=humongous(continues), CS=collection set, F=free, TAMS=top-at-mark-start, PB=parsable bottom
|   0|0x0000000081800000, 0x0000000081900000, 0x0000000081900000|100%|HS|  |TAMS 0x0000000081800000| PB 0x0000000081800000| Complete 
|   1|0x0000000081900000, 0x0000000081a00000, 0x0000000081a00000|100%|HS|  |TAMS 0x0000000081900000| PB 0x0000000081900000| Complete 
|   2|0x0000000081a00000, 0x0000000081b00000, 0x0000000081b00000|100%| O|  |TAMS 0x0000000081a00000| PB 0x0000000081a00000| Untracked 
|   3|0x0000000081b00000, 0x0000000081c00000, 0x0000000081c00000|100%| O|  |TAMS 0x0000000081b00000| PB 0x0000000081b00000| Untracked 
|   4|0x0000000081c00000, 0x0000000081d00000, 0x0000000081d00000|100%| O|  |TAMS 0x0000000081c00000| PB 0x0000000081c00000| Untracked 
|   5|0x0000000081d00000, 0x0000000081e00000, 0x0000000081e00000|100%| O|  |TAMS 0x0000000081d00000| PB 0x0000000081d00000| Untracked 
|   6|0x0000000081e00000, 0x0000000081f00000, 0x0000000081f00000|100%| O|  |TAMS 0x0000000081e00000| PB 0x0000000081e00000| Untracked 
|   7|0x0000000081f00000, 0x0000000082000000, 0x0000000082000000|100%| O|  |TAMS 0x0000000081f00000| PB 0x0000000081f00000| Untracked 
|   8|0x0000000082000000, 0x0000000082100000, 0x0000000082100000|100%| O|  |TAMS 0x0000000082000000| PB 0x0000000082000000| Untracked 
|   9|0x0000000082100000, 0x0000000082200000, 0x0000000082200000|100%| O|  |TAMS 0x0000000082100000| PB 0x0000000082100000| Untracked 
|  10|0x0000000082200000, 0x0000000082300000, 0x0000000082300000|100%| O|  |TAMS 0x0000000082200000| PB 0x0000000082200000| Untracked 
|  11|0x0000000082300000, 0x0000000082400000, 0x0000000082400000|100%| O|  |TAMS 0x0000000082300000| PB 0x0000000082300000| Untracked 
|  12|0x0000000082400000, 0x0000000082500000, 0x0000000082500000|100%| O|  |TAMS 0x0000000082400000| PB 0x0000000082400000| Untracked 
|  13|0x0000000082500000, 0x0000000082600000, 0x0000000082600000|100%| O|  |TAMS 0x0000000082500000| PB 0x0000000082500000| Untracked 
|  14|0x0000000082600000, 0x0000000082700000, 0x0000000082700000|100%| O|  |TAMS 0x0000000082600000| PB 0x0000000082600000| Untracked 
|  15|0x0000000082700000, 0x0000000082800000, 0x0000000082800000|100%| O|  |TAMS 0x0000000082700000| PB 0x0000000082700000| Untracked 
|  16|0x0000000082800000, 0x0000000082900000, 0x0000000082900000|100%| O|  |TAMS 0x0000000082800000| PB 0x0000000082800000| Untracked 
|  17|0x0000000082900000, 0x0000000082a00000, 0x0000000082a00000|100%| O|  |TAMS 0x0000000082900000| PB 0x0000000082900000| Untracked 
|  18|0x0000000082a00000, 0x0000000082b00000, 0x0000000082b00000|100%| O|  |TAMS 0x0000000082a00000| PB 0x0000000082a00000| Untracked 
|  19|0x0000000082b00000, 0x0000000082c00000, 0x0000000082c00000|100%| O|  |TAMS 0x0000000082b00000| PB 0x0000000082b00000| Untracked 
|  20|0x0000000082c00000, 0x0000000082d00000, 0x0000000082d00000|100%| O|  |TAMS 0x0000000082c00000| PB 0x0000000082c00000| Untracked 
|  21|0x0000000082d00000, 0x0000000082e00000, 0x0000000082e00000|100%| O|  |TAMS 0x0000000082d00000| PB 0x0000000082d00000| Untracked 
|  22|0x0000000082e00000, 0x0000000082f00000, 0x0000000082f00000|100%| O|  |TAMS 0x0000000082e00000| PB 0x0000000082e00000| Untracked 
|  23|0x0000000082f00000, 0x0000000082f00000, 0x0000000083000000|  0%| F|  |TAMS 0x0000000082f00000| PB 0x0000000082f00000| Untracked 
|  24|0x0000000083000000, 0x0000000083100000, 0x0000000083100000|100%| O|  |TAMS 0x0000000083000000| PB 0x0000000083000000| Untracked 
|  25|0x0000000083100000, 0x0000000083200000, 0x0000000083200000|100%| O|  |TAMS 0x0000000083100000| PB 0x0000000083100000| Untracked 
|  26|0x0000000083200000, 0x0000000083300000, 0x0000000083300000|100%| O|  |TAMS 0x0000000083200000| PB 0x0000000083200000| Untracked 
|  27|0x0000000083300000, 0x0000000083400000, 0x0000000083400000|100%| O|  |TAMS 0x0000000083300000| PB 0x0000000083300000| Untracked 
|  28|0x0000000083400000, 0x0000000083500000, 0x0000000083500000|100%| O|  |TAMS 0x0000000083400000| PB 0x0000000083400000| Untracked 
|  29|0x0000000083500000, 0x0000000083600000, 0x0000000083600000|100%| O|  |TAMS 0x0000000083500000| PB 0x0000000083500000| Untracked 
|  30|0x0000000083600000, 0x0000000083700000, 0x0000000083700000|100%| O|  |TAMS 0x0000000083600000| PB 0x0000000083600000| Untracked 
|  31|0x0000000083700000, 0x0000000083800000, 0x0000000083800000|100%| O|  |TAMS 0x0000000083700000| PB 0x0000000083700000| Untracked 
|  32|0x0000000083800000, 0x0000000083900000, 0x0000000083900000|100%| O|  |TAMS 0x0000000083800000| PB 0x0000000083800000| Untracked 
|  33|0x0000000083900000, 0x0000000083a00000, 0x0000000083a00000|100%| O|  |TAMS 0x0000000083900000| PB 0x0000000083900000| Untracked 
|  34|0x0000000083a00000, 0x0000000083b00000, 0x0000000083b00000|100%| O|  |TAMS 0x0000000083a00000| PB 0x0000000083a00000| Untracked 
|  35|0x0000000083b00000, 0x0000000083b9a690, 0x0000000083c00000| 60%| O|  |TAMS 0x0000000083b00000| PB 0x0000000083b00000| Untracked 
|  36|0x0000000083c00000, 0x0000000083c00000, 0x0000000083d00000|  0%| F|  |TAMS 0x0000000083c00000| PB 0x0000000083c00000| Untracked 
|  37|0x0000000083d00000, 0x0000000083d00000, 0x0000000083e00000|  0%| F|  |TAMS 0x0000000083d00000| PB 0x0000000083d00000| Untracked 
|  38|0x0000000083e00000, 0x0000000083e00000, 0x0000000083f00000|  0%| F|  |TAMS 0x0000000083e00000| PB 0x0000000083e00000| Untracked 
|  39|0x0000000083f00000, 0x0000000083f00000, 0x0000000084000000|  0%| F|  |TAMS 0x0000000083f00000| PB 0x0000000083f00000| Untracked 
|  40|0x0000000084000000, 0x0000000084000000, 0x0000000084100000|  0%| F|  |TAMS 0x0000000084000000| PB 0x0000000084000000| Untracked 
|  41|0x0000000084100000, 0x0000000084124cc8, 0x0000000084200000| 14%| S|CS|TAMS 0x0000000084100000| PB 0x0000000084100000| Complete 
|  42|0x0000000084200000, 0x0000000084300000, 0x0000000084300000|100%| S|CS|TAMS 0x0000000084200000| PB 0x0000000084200000| Complete 
|  43|0x0000000084300000, 0x0000000084400000, 0x0000000084400000|100%| S|CS|TAMS 0x0000000084300000| PB 0x0000000084300000| Complete 
|  44|0x0000000084400000, 0x0000000084400000, 0x0000000084500000|  0%| F|  |TAMS 0x0000000084400000| PB 0x0000000084400000| Untracked 
|  45|0x0000000084500000, 0x0000000084500000, 0x0000000084600000|  0%| F|  |TAMS 0x0000000084500000| PB 0x0000000084500000| Untracked 
|  46|0x0000000084600000, 0x0000000084600000, 0x0000000084700000|  0%| F|  |TAMS 0x0000000084600000| PB 0x0000000084600000| Untracked 
|  47|0x0000000084700000, 0x0000000084700000, 0x0000000084800000|  0%| F|  |TAMS 0x0000000084700000| PB 0x0000000084700000| Untracked 
|  48|0x0000000084800000, 0x0000000084800000, 0x0000000084900000|  0%| F|  |TAMS 0x0000000084800000| PB 0x0000000084800000| Untracked 
|  49|0x0000000084900000, 0x0000000084900000, 0x0000000084a00000|  0%| F|  |TAMS 0x0000000084900000| PB 0x0000000084900000| Untracked 
|  50|0x0000000084a00000, 0x0000000084a00000, 0x0000000084b00000|  0%| F|  |TAMS 0x0000000084a00000| PB 0x0000000084a00000| Untracked 
|  51|0x0000000084b00000, 0x0000000084b00000, 0x0000000084c00000|  0%| F|  |TAMS 0x0000000084b00000| PB 0x0000000084b00000| Untracked 
|  52|0x0000000084c00000, 0x0000000084c00000, 0x0000000084d00000|  0%| F|  |TAMS 0x0000000084c00000| PB 0x0000000084c00000| Untracked 
|  53|0x0000000084d00000, 0x0000000084d00000, 0x0000000084e00000|  0%| F|  |TAMS 0x0000000084d00000| PB 0x0000000084d00000| Untracked 
|  54|0x0000000084e00000, 0x0000000084e00000, 0x0000000084f00000|  0%| F|  |TAMS 0x0000000084e00000| PB 0x0000000084e00000| Untracked 
|  55|0x0000000084f00000, 0x0000000084f00000, 0x0000000085000000|  0%| F|  |TAMS 0x0000000084f00000| PB 0x0000000084f00000| Untracked 
|  56|0x0000000085000000, 0x0000000085022178, 0x0000000085100000| 13%| E|  |TAMS 0x0000000085000000| PB 0x0000000085000000| Complete 
|  57|0x0000000085100000, 0x0000000085200000, 0x0000000085200000|100%| E|CS|TAMS 0x0000000085100000| PB 0x0000000085100000| Complete 
|  58|0x0000000085200000, 0x0000000085300000, 0x0000000085300000|100%| E|CS|TAMS 0x0000000085200000| PB 0x0000000085200000| Complete 
|  59|0x0000000085300000, 0x0000000085400000, 0x0000000085400000|100%| E|CS|TAMS 0x0000000085300000| PB 0x0000000085300000| Complete 
|  60|0x0000000085400000, 0x0000000085500000, 0x0000000085500000|100%| E|CS|TAMS 0x0000000085400000| PB 0x0000000085400000| Complete 
|  82|0x0000000086a00000, 0x0000000086b00000, 0x0000000086b00000|100%| E|CS|TAMS 0x0000000086a00000| PB 0x0000000086a00000| Complete 
|  83|0x0000000086b00000, 0x0000000086c00000, 0x0000000086c00000|100%| E|CS|TAMS 0x0000000086b00000| PB 0x0000000086b00000| Complete 
|  84|0x0000000086c00000, 0x0000000086d00000, 0x0000000086d00000|100%| E|CS|TAMS 0x0000000086c00000| PB 0x0000000086c00000| Complete 
|  85|0x0000000086d00000, 0x0000000086e00000, 0x0000000086e00000|100%| E|CS|TAMS 0x0000000086d00000| PB 0x0000000086d00000| Complete 
|  86|0x0000000086e00000, 0x0000000086f00000, 0x0000000086f00000|100%| E|CS|TAMS 0x0000000086e00000| PB 0x0000000086e00000| Complete 
|  87|0x0000000086f00000, 0x0000000087000000, 0x0000000087000000|100%| E|CS|TAMS 0x0000000086f00000| PB 0x0000000086f00000| Complete 
|  88|0x0000000087000000, 0x0000000087100000, 0x0000000087100000|100%| E|CS|TAMS 0x0000000087000000| PB 0x0000000087000000| Complete 
| 127|0x0000000089700000, 0x0000000089800000, 0x0000000089800000|100%| E|CS|TAMS 0x0000000089700000| PB 0x0000000089700000| Complete 

Card table byte_map: [0x000001fbf93b0000,0x000001fbf97b0000] _byte_map_base: 0x000001fbf8fa4000

Marking Bits: (CMBitMap*) 0x000001fbf711c650
 Bits: [0x000001fbf97b0000, 0x000001fbfb750000)

Polling page: 0x000001fbf7170000

Metaspace:

Usage:
  Non-class:     63.84 MB used.
      Class:      9.94 MB used.
       Both:     73.78 MB used.

Virtual space:
  Non-class space:      128.00 MB reserved,      64.19 MB ( 50%) committed,  2 nodes.
      Class space:        1.00 GB reserved,      10.25 MB (  1%) committed,  1 nodes.
             Both:        1.12 GB reserved,      74.44 MB (  6%) committed. 

Chunk freelists:
   Non-Class:  15.67 MB
       Class:  5.56 MB
        Both:  21.23 MB

MaxMetaspaceSize: unlimited
CompressedClassSpaceSize: 1.00 GB
Initial GC threshold: 21.00 MB
Current GC threshold: 109.62 MB
CDS: on
 - commit_granule_bytes: 65536.
 - commit_granule_words: 8192.
 - virtual_space_node_default_size: 8388608.
 - enlarge_chunks_in_place: 1.
 - use_allocation_guard: 0.


Internal statistics:

num_allocs_failed_limit: 12.
num_arena_births: 1092.
num_arena_deaths: 0.
num_vsnodes_births: 3.
num_vsnodes_deaths: 0.
num_space_committed: 1191.
num_space_uncommitted: 0.
num_chunks_returned_to_freelist: 12.
num_chunks_taken_from_freelist: 3965.
num_chunk_merges: 9.
num_chunk_splits: 2809.
num_chunks_enlarged: 2151.
num_inconsistent_stats: 0.

CodeHeap 'non-profiled nmethods': size=120000Kb used=4448Kb max_used=4448Kb free=115551Kb
 bounds [0x000001fb8fe90000, 0x000001fb902f0000, 0x000001fb973c0000]
CodeHeap 'profiled nmethods': size=120000Kb used=12680Kb max_used=12680Kb free=107319Kb
 bounds [0x000001fb883c0000, 0x000001fb89030000, 0x000001fb8f8f0000]
CodeHeap 'non-nmethods': size=5760Kb used=1718Kb max_used=1726Kb free=4041Kb
 bounds [0x000001fb8f8f0000, 0x000001fb8fb60000, 0x000001fb8fe90000]
 total_blobs=7385 nmethods=6657 adapters=630
 compilation: enabled
              stopped_count=0, restarted_count=0
 full_count=0

Compilation events (20 events):
Event: 47.130 Thread 0x000001fbfdd9ff20 nmethod 7683 0x000001fb902e5510 code [0x000001fb902e5700, 0x000001fb902e5df8]
Event: 52.988 Thread 0x000001fbfddb4a40 7684       3       java.util.concurrent.locks.AbstractQueuedSynchronizer$Node::<init> (5 bytes)
Event: 52.988 Thread 0x000001fbfddb4a40 nmethod 7684 0x000001fb88dac310 code [0x000001fb88dac4c0, 0x000001fb88dac628]
Event: 52.988 Thread 0x000001fbfddb4a40 7685       3       java.util.concurrent.ScheduledThreadPoolExecutor$ScheduledFutureTask::compareTo (9 bytes)
Event: 52.988 Thread 0x000001fbfddb4a40 nmethod 7685 0x000001fb8901d310 code [0x000001fb8901d4c0, 0x000001fb8901d720]
Event: 52.988 Thread 0x000001fbfddb4a40 7686       3       java.util.concurrent.ScheduledThreadPoolExecutor$ScheduledFutureTask::compareTo (101 bytes)
Event: 52.988 Thread 0x000001fbfddb4a40 nmethod 7686 0x000001fb8901d810 code [0x000001fb8901da40, 0x000001fb8901e190]
Event: 55.348 Thread 0x000001fbfddb4a40 7687       3       java.util.concurrent.locks.ReentrantReadWriteLock::readLock (5 bytes)
Event: 55.348 Thread 0x000001fbfddb4a40 nmethod 7687 0x000001fb88e31690 code [0x000001fb88e31820, 0x000001fb88e31958]
Event: 62.988 Thread 0x000001fbfddb4a40 7688       3       java.util.concurrent.ThreadPoolExecutor::isShutdown (12 bytes)
Event: 62.988 Thread 0x000001fbfddb4a40 nmethod 7688 0x000001fb8901e310 code [0x000001fb8901e4c0, 0x000001fb8901e6a8]
Event: 64.675 Thread 0x000001fbfdd9ff20 7689       4       sun.net.www.protocol.jar.Handler::parseContextSpec (150 bytes)
Event: 64.683 Thread 0x000001fbfdd9ff20 nmethod 7689 0x000001fb902e6690 code [0x000001fb902e6860, 0x000001fb902e6ec8]
Event: 64.683 Thread 0x000001fbfdd9ff20 7690       4       sun.net.www.protocol.jar.Handler::parseURL (173 bytes)
Event: 64.695 Thread 0x000001fbfddb4a40 7692   !   3       java.util.concurrent.ConcurrentHashMap::putVal (432 bytes)
Event: 64.697 Thread 0x000001fbfddb4a40 nmethod 7692 0x000001fb8901e790 code [0x000001fb8901eb20, 0x000001fb89020660]
Event: 64.710 Thread 0x000001fbfddb4a40 7693       3       java.util.ResourceBundle$KeyElementReference::<init> (12 bytes)
Event: 64.710 Thread 0x000001fbfddb4a40 nmethod 7693 0x000001fb89021010 code [0x000001fb890211e0, 0x000001fb89021568]
Event: 64.722 Thread 0x000001fbfddb4a40 7699       3       java.util.logging.Logger::isLoggable (27 bytes)
Event: 64.723 Thread 0x000001fbfddb4a40 nmethod 7699 0x000001fb89021690 code [0x000001fb89021840, 0x000001fb89021a18]

GC Heap History (20 events):
Event: 5.532 GC heap before
{Heap before GC invocations=8 (full 0):
 garbage-first heap   total 58368K, used 38214K [0x0000000081800000, 0x0000000100000000)
  region size 1024K, 20 young (20480K), 3 survivors (3072K)
 Metaspace       used 35423K, committed 35968K, reserved 1114112K
  class space    used 4506K, committed 4736K, reserved 1048576K
}
Event: 5.538 GC heap after
{Heap after GC invocations=9 (full 0):
 garbage-first heap   total 58368K, used 24159K [0x0000000081800000, 0x0000000100000000)
  region size 1024K, 2 young (2048K), 2 survivors (2048K)
 Metaspace       used 35423K, committed 35968K, reserved 1114112K
  class space    used 4506K, committed 4736K, reserved 1048576K
}
Event: 6.334 GC heap before
{Heap before GC invocations=10 (full 0):
 garbage-first heap   total 58368K, used 49759K [0x0000000081800000, 0x0000000100000000)
  region size 1024K, 27 young (27648K), 2 survivors (2048K)
 Metaspace       used 42247K, committed 42816K, reserved 1114112K
  class space    used 5547K, committed 5824K, reserved 1048576K
}
Event: 6.338 GC heap after
{Heap after GC invocations=11 (full 0):
 garbage-first heap   total 58368K, used 25750K [0x0000000081800000, 0x0000000100000000)
  region size 1024K, 4 young (4096K), 4 survivors (4096K)
 Metaspace       used 42247K, committed 42816K, reserved 1114112K
  class space    used 5547K, committed 5824K, reserved 1048576K
}
Event: 7.065 GC heap before
{Heap before GC invocations=11 (full 0):
 garbage-first heap   total 58368K, used 48278K [0x0000000081800000, 0x0000000100000000)
  region size 1024K, 27 young (27648K), 4 survivors (4096K)
 Metaspace       used 48556K, committed 49216K, reserved 1114112K
  class space    used 6351K, committed 6656K, reserved 1048576K
}
Event: 7.072 GC heap after
{Heap after GC invocations=12 (full 0):
 garbage-first heap   total 58368K, used 27648K [0x0000000081800000, 0x0000000100000000)
  region size 1024K, 4 young (4096K), 4 survivors (4096K)
 Metaspace       used 48556K, committed 49216K, reserved 1114112K
  class space    used 6351K, committed 6656K, reserved 1048576K
}
Event: 7.515 GC heap before
{Heap before GC invocations=12 (full 0):
 garbage-first heap   total 58368K, used 49152K [0x0000000081800000, 0x0000000100000000)
  region size 1024K, 26 young (26624K), 4 survivors (4096K)
 Metaspace       used 55308K, committed 55936K, reserved 1114112K
  class space    used 7362K, committed 7680K, reserved 1048576K
}
Event: 7.523 GC heap after
{Heap after GC invocations=13 (full 0):
 garbage-first heap   total 58368K, used 28996K [0x0000000081800000, 0x0000000100000000)
  region size 1024K, 2 young (2048K), 2 survivors (2048K)
 Metaspace       used 55308K, committed 55936K, reserved 1114112K
  class space    used 7362K, committed 7680K, reserved 1048576K
}
Event: 7.932 GC heap before
{Heap before GC invocations=13 (full 0):
 garbage-first heap   total 58368K, used 49476K [0x0000000081800000, 0x0000000100000000)
  region size 1024K, 24 young (24576K), 2 survivors (2048K)
 Metaspace       used 59584K, committed 60288K, reserved 1114112K
  class space    used 7978K, committed 8320K, reserved 1048576K
}
Event: 7.934 GC heap after
{Heap after GC invocations=14 (full 0):
 garbage-first heap   total 58368K, used 29480K [0x0000000081800000, 0x0000000100000000)
  region size 1024K, 2 young (2048K), 2 survivors (2048K)
 Metaspace       used 59584K, committed 60288K, reserved 1114112K
  class space    used 7978K, committed 8320K, reserved 1048576K
}
Event: 9.295 GC heap before
{Heap before GC invocations=15 (full 0):
 garbage-first heap   total 58368K, used 50984K [0x0000000081800000, 0x0000000100000000)
  region size 1024K, 24 young (24576K), 2 survivors (2048K)
 Metaspace       used 63362K, committed 64064K, reserved 1114112K
  class space    used 8524K, committed 8832K, reserved 1048576K
}
Event: 9.301 GC heap after
{Heap after GC invocations=16 (full 0):
 garbage-first heap   total 58368K, used 31736K [0x0000000081800000, 0x0000000100000000)
  region size 1024K, 3 young (3072K), 3 survivors (3072K)
 Metaspace       used 63362K, committed 64064K, reserved 1114112K
  class space    used 8524K, committed 8832K, reserved 1048576K
}
Event: 9.720 GC heap before
{Heap before GC invocations=16 (full 0):
 garbage-first heap   total 58368K, used 51192K [0x0000000081800000, 0x0000000100000000)
  region size 1024K, 22 young (22528K), 3 survivors (3072K)
 Metaspace       used 65148K, committed 65856K, reserved 1114112K
  class space    used 8746K, committed 9024K, reserved 1048576K
}
Event: 9.727 GC heap after
{Heap after GC invocations=17 (full 0):
 garbage-first heap   total 58368K, used 32869K [0x0000000081800000, 0x0000000100000000)
  region size 1024K, 2 young (2048K), 2 survivors (2048K)
 Metaspace       used 65148K, committed 65856K, reserved 1114112K
  class space    used 8746K, committed 9024K, reserved 1048576K
}
Event: 10.008 GC heap before
{Heap before GC invocations=17 (full 0):
 garbage-first heap   total 58368K, used 51301K [0x0000000081800000, 0x0000000100000000)
  region size 1024K, 20 young (20480K), 2 survivors (2048K)
 Metaspace       used 66525K, committed 67200K, reserved 1114112K
  class space    used 8912K, committed 9216K, reserved 1048576K
}
Event: 10.012 GC heap after
{Heap after GC invocations=18 (full 0):
 garbage-first heap   total 70656K, used 33791K [0x0000000081800000, 0x0000000100000000)
  region size 1024K, 3 young (3072K), 3 survivors (3072K)
 Metaspace       used 66525K, committed 67200K, reserved 1114112K
  class space    used 8912K, committed 9216K, reserved 1048576K
}
Event: 10.662 GC heap before
{Heap before GC invocations=19 (full 0):
 garbage-first heap   total 70656K, used 62463K [0x0000000081800000, 0x0000000100000000)
  region size 1024K, 31 young (31744K), 3 survivors (3072K)
 Metaspace       used 69108K, committed 69824K, reserved 1114112K
  class space    used 9296K, committed 9600K, reserved 1048576K
}
Event: 10.670 GC heap after
{Heap after GC invocations=20 (full 0):
 garbage-first heap   total 70656K, used 36063K [0x0000000081800000, 0x0000000100000000)
  region size 1024K, 4 young (4096K), 4 survivors (4096K)
 Metaspace       used 69108K, committed 69824K, reserved 1114112K
  class space    used 9296K, committed 9600K, reserved 1048576K
}
Event: 11.339 GC heap before
{Heap before GC invocations=20 (full 0):
 garbage-first heap   total 70656K, used 61663K [0x0000000081800000, 0x0000000100000000)
  region size 1024K, 29 young (29696K), 4 survivors (4096K)
 Metaspace       used 73673K, committed 74432K, reserved 1114112K
  class space    used 9939K, committed 10304K, reserved 1048576K
}
Event: 11.350 GC heap after
{Heap after GC invocations=21 (full 0):
 garbage-first heap   total 70656K, used 37628K [0x0000000081800000, 0x0000000100000000)
  region size 1024K, 3 young (3072K), 3 survivors (3072K)
 Metaspace       used 73673K, committed 74432K, reserved 1114112K
  class space    used 9939K, committed 10304K, reserved 1048576K
}

Dll operation events (14 events):
Event: 0.012 Loaded shared library C:\Program Files\Java\jdk-21\bin\java.dll
Event: 0.060 Loaded shared library C:\Program Files\Java\jdk-21\bin\jsvml.dll
Event: 0.250 Loaded shared library C:\Program Files\Java\jdk-21\bin\zip.dll
Event: 0.256 Loaded shared library C:\Program Files\java\jdk-21\bin\instrument.dll
Event: 0.263 Loaded shared library C:\Program Files\java\jdk-21\bin\net.dll
Event: 0.266 Loaded shared library C:\Program Files\java\jdk-21\bin\nio.dll
Event: 0.270 Loaded shared library C:\Program Files\java\jdk-21\bin\zip.dll
Event: 0.485 Loaded shared library C:\Program Files\JetBrains\IntelliJ IDEA Community Edition 2024.3.2.2\bin\breakgen64.dll
Event: 0.496 Loaded shared library C:\Program Files\java\jdk-21\bin\extnet.dll
Event: 0.547 Loaded shared library C:\Program Files\java\jdk-21\bin\jimage.dll
Event: 0.925 Loaded shared library C:\Program Files\java\jdk-21\bin\management.dll
Event: 0.933 Loaded shared library C:\Program Files\java\jdk-21\bin\management_ext.dll
Event: 1.857 Loaded shared library C:\Program Files\Java\jdk-21\bin\verify.dll
Event: 2.809 Loaded shared library C:\Program Files\java\jdk-21\bin\sunmscapi.dll

Deoptimization events (20 events):
Event: 64.686 Thread 0x000001fbe24644f0 Uncommon trap: trap_request=0xffffffde fr.pc=0x000001fb8fede238 relative=0x00000000000007f8
Event: 64.686 Thread 0x000001fbe24644f0 Uncommon trap: reason=class_check action=maybe_recompile pc=0x000001fb8fede238 method=java.util.HashMap.putVal(ILjava/lang/Object;Ljava/lang/Object;ZZ)Ljava/lang/Object; @ 91 c2
Event: 64.686 Thread 0x000001fbe24644f0 DEOPT PACKING pc=0x000001fb8fede238 sp=0x000000f181dfece0
Event: 64.686 Thread 0x000001fbe24644f0 DEOPT UNPACKING pc=0x000001fb8f9446a2 sp=0x000000f181dfec70 mode 2
Event: 64.686 Thread 0x000001fbe24644f0 Uncommon trap: trap_request=0xffffffde fr.pc=0x000001fb8fede238 relative=0x00000000000007f8
Event: 64.686 Thread 0x000001fbe24644f0 Uncommon trap: reason=class_check action=maybe_recompile pc=0x000001fb8fede238 method=java.util.HashMap.putVal(ILjava/lang/Object;Ljava/lang/Object;ZZ)Ljava/lang/Object; @ 91 c2
Event: 64.686 Thread 0x000001fbe24644f0 DEOPT PACKING pc=0x000001fb8fede238 sp=0x000000f181dfece0
Event: 64.686 Thread 0x000001fbe24644f0 DEOPT UNPACKING pc=0x000001fb8f9446a2 sp=0x000000f181dfec70 mode 2
Event: 64.686 Thread 0x000001fbe2467970 Uncommon trap: trap_request=0xffffff45 fr.pc=0x000001fb901ae230 relative=0x0000000000000e70
Event: 64.686 Thread 0x000001fbe2467970 Uncommon trap: reason=unstable_if action=reinterpret pc=0x000001fb901ae230 method=java.util.concurrent.ConcurrentHashMap.putVal(Ljava/lang/Object;Ljava/lang/Object;Z)Ljava/lang/Object; @ 97 c2
Event: 64.686 Thread 0x000001fbe2467970 DEOPT PACKING pc=0x000001fb901ae230 sp=0x000000f1814fe010
Event: 64.686 Thread 0x000001fbe2467970 DEOPT UNPACKING pc=0x000001fb8f9446a2 sp=0x000000f1814fdf98 mode 2
Event: 64.687 Thread 0x000001fbe2467970 Uncommon trap: trap_request=0xffffff45 fr.pc=0x000001fb90085534 relative=0x0000000000000274
Event: 64.687 Thread 0x000001fbe2467970 Uncommon trap: reason=unstable_if action=reinterpret pc=0x000001fb90085534 method=java.lang.invoke.MethodType.equals(Ljava/lang/Object;)Z @ 11 c2
Event: 64.687 Thread 0x000001fbe2467970 DEOPT PACKING pc=0x000001fb90085534 sp=0x000000f1814fdef0
Event: 64.687 Thread 0x000001fbe2467970 DEOPT UNPACKING pc=0x000001fb8f9446a2 sp=0x000000f1814fdea8 mode 2
Event: 64.687 Thread 0x000001fbe2467970 Uncommon trap: trap_request=0xffffff54 fr.pc=0x000001fb8ff76ff0 relative=0x0000000000001010
Event: 64.687 Thread 0x000001fbe2467970 Uncommon trap: reason=speculate_null_assert action=make_not_entrant pc=0x000001fb8ff76ff0 method=java.lang.invoke.MethodType$ConcurrentWeakInternSet.add(Ljava/lang/Object;)Ljava/lang/Object; @ 47 c2
Event: 64.687 Thread 0x000001fbe2467970 DEOPT PACKING pc=0x000001fb8ff76ff0 sp=0x000000f1814fe0c0
Event: 64.687 Thread 0x000001fbe2467970 DEOPT UNPACKING pc=0x000001fb8f9446a2 sp=0x000000f1814fdfe8 mode 2

Classes loaded (20 events):
Event: 64.683 Loading class sun/nio/ch/SocketAdaptor
Event: 64.683 Loading class sun/nio/ch/SocketAdaptor done
Event: 64.683 Loading class sun/nio/ch/SocketChannelImpl$DefaultOptionsHolder
Event: 64.683 Loading class sun/nio/ch/SocketChannelImpl$DefaultOptionsHolder done
Event: 64.685 Loading class sun/nio/ch/SelectionKeyImpl
Event: 64.685 Loading class java/nio/channels/spi/AbstractSelectionKey
Event: 64.685 Loading class java/nio/channels/SelectionKey
Event: 64.685 Loading class java/nio/channels/SelectionKey done
Event: 64.685 Loading class java/nio/channels/spi/AbstractSelectionKey done
Event: 64.685 Loading class sun/nio/ch/SelectionKeyImpl done
Event: 64.685 Loading class java/lang/invoke/ConstantBootstraps
Event: 64.686 Loading class java/lang/invoke/ConstantBootstraps done
Event: 64.724 Loading class sun/nio/cs/ThreadLocalCoders
Event: 64.724 Loading class sun/nio/cs/ThreadLocalCoders done
Event: 64.724 Loading class sun/nio/cs/ThreadLocalCoders$1
Event: 64.724 Loading class sun/nio/cs/ThreadLocalCoders$Cache
Event: 64.724 Loading class sun/nio/cs/ThreadLocalCoders$Cache done
Event: 64.724 Loading class sun/nio/cs/ThreadLocalCoders$1 done
Event: 64.724 Loading class sun/nio/cs/ThreadLocalCoders$2
Event: 64.725 Loading class sun/nio/cs/ThreadLocalCoders$2 done

Classes unloaded (0 events):
No events

Classes redefined (0 events):
No events

Internal exceptions (20 events):
Event: 8.972 Thread 0x000001fbdd6367b0 Exception <a 'java/lang/IncompatibleClassChangeError'{0x00000000847e9bc8}: Found class java.lang.Object, but interface was expected> (0x00000000847e9bc8) 
thrown [s\open\src\hotspot\share\interpreter\linkResolver.cpp, line 840]
Event: 9.014 Thread 0x000001fbdd6367b0 Exception <a 'java/lang/IncompatibleClassChangeError'{0x00000000845ccf70}: Found class java.lang.Object, but interface was expected> (0x00000000845ccf70) 
thrown [s\open\src\hotspot\share\interpreter\linkResolver.cpp, line 840]
Event: 9.217 Thread 0x000001fbdd6367b0 Exception <a 'java/lang/IncompatibleClassChangeError'{0x0000000083d11738}: Found class java.lang.Object, but interface was expected> (0x0000000083d11738) 
thrown [s\open\src\hotspot\share\interpreter\linkResolver.cpp, line 840]
Event: 9.290 Thread 0x000001fbdd6367b0 Exception <a 'java/lang/IncompatibleClassChangeError'{0x0000000083bce060}: Found class java.lang.Object, but interface was expected> (0x0000000083bce060) 
thrown [s\open\src\hotspot\share\interpreter\linkResolver.cpp, line 840]
Event: 9.291 Thread 0x000001fbdd6367b0 Exception <a 'java/lang/IncompatibleClassChangeError'{0x0000000083bd35e0}: Found class java.lang.Object, but interface was expected> (0x0000000083bd35e0) 
thrown [s\open\src\hotspot\share\interpreter\linkResolver.cpp, line 840]
Event: 9.511 Thread 0x000001fbdd6367b0 Exception <a 'java/lang/NoSuchMethodError'{0x0000000084706b40}: 'int java.lang.invoke.DirectMethodHandle$Holder.invokeStaticInit(java.lang.Object, int, java.lang.Object, java.lang.Object, java.lang.Object, java.lang.Object)'> (0x0000000084706b40) 
thrown [s\open\src\hotspot\share\interpreter\linkResolver.cpp, line 773]
Event: 9.879 Thread 0x000001fbdd6367b0 Exception <a 'java/lang/NoSuchMethodError'{0x000000008452a418}: 'java.lang.Object java.lang.invoke.DirectMethodHandle$Holder.newInvokeSpecial(java.lang.Object, java.lang.Object, java.lang.Object, java.lang.Object, java.lang.Object, java.lang.Object, java.lang.Object, java.lang.Object)'> (0x000000008452a418) 
thrown [s\open\src\hotspot\share\interpreter\linkResolver.cpp, line 773]
Event: 10.251 Thread 0x000001fbdd6367b0 Exception <a 'java/lang/IncompatibleClassChangeError'{0x00000000854813a0}: Found class java.lang.Object, but interface was expected> (0x00000000854813a0) 
thrown [s\open\src\hotspot\share\interpreter\linkResolver.cpp, line 840]
Event: 10.528 Thread 0x000001fbdd6367b0 Exception <a 'java/lang/NoSuchMethodError'{0x000000008462cae0}: 'java.lang.Object java.lang.invoke.DirectMethodHandle$Holder.invokeInterface(java.lang.Object, java.lang.Object, java.lang.Object, java.lang.Object)'> (0x000000008462cae0) 
thrown [s\open\src\hotspot\share\interpreter\linkResolver.cpp, line 773]
Event: 10.642 Thread 0x000001fbdd6367b0 Exception <a 'java/lang/NoSuchMethodError'{0x00000000842f9f68}: 'int java.lang.invoke.DirectMethodHandle$Holder.invokeStaticInit(java.lang.Object, java.lang.Object, java.lang.Object, java.lang.Object)'> (0x00000000842f9f68) 
thrown [s\open\src\hotspot\share\interpreter\linkResolver.cpp, line 773]
Event: 10.707 Thread 0x000001fbdd6367b0 Exception <a 'java/lang/IncompatibleClassChangeError'{0x00000000870eac00}: Found class java.lang.Object, but interface was expected> (0x00000000870eac00) 
thrown [s\open\src\hotspot\share\interpreter\linkResolver.cpp, line 840]
Event: 10.816 Thread 0x000001fbdd6367b0 Exception <a 'java/lang/NoSuchMethodError'{0x0000000086b67f20}: 'java.lang.Object java.lang.invoke.Invokers$Holder.invoke_MT(java.lang.Object, java.lang.Object, java.lang.Object, java.lang.Object, java.lang.Object, java.lang.Object, java.lang.Object, java.lang.Object, java.lang.Object, java.lang.Object, java.lang.Object)'> (0x0000000086b67f20) 
thrown [s\open\src\hotspot\share\interpreter\linkResolver.cpp, line 773]
Event: 10.936 Thread 0x000001fbdd6367b0 Exception <a 'java/lang/NoSuchMethodError'{0x0000000085197ed8}: 'java.lang.Object java.lang.invoke.DirectMethodHandle$Holder.newInvokeSpecial(java.lang.Object, java.lang.Object, int, java.lang.Object, java.lang.Object)'> (0x0000000085197ed8) 
thrown [s\open\src\hotspot\share\interpreter\linkResolver.cpp, line 773]
Event: 11.249 Thread 0x000001fbdd6367b0 Exception <a 'java/lang/NoSuchMethodError'{0x0000000084672038}: 'void java.lang.invoke.DirectMethodHandle$Holder.invokeSpecialIFC(java.lang.Object, java.lang.Object, int, java.lang.Object, java.lang.Object, java.lang.Object, java.lang.Object)'> (0x0000000084672038) 
thrown [s\open\src\hotspot\share\interpreter\linkResolver.cpp, line 773]
Event: 11.511 Thread 0x000001fbdd6367b0 Exception <a 'java/lang/NoSuchMethodError'{0x0000000086f6ebf0}: 'int java.lang.invoke.DirectMethodHandle$Holder.invokeStatic(java.lang.Object, java.lang.Object, int, int)'> (0x0000000086f6ebf0) 
thrown [s\open\src\hotspot\share\interpreter\linkResolver.cpp, line 773]
Event: 11.559 Thread 0x000001fbdd6367b0 Exception <a 'java/lang/IncompatibleClassChangeError'{0x0000000086e9d6f8}: Found class java.lang.Object, but interface was expected> (0x0000000086e9d6f8) 
thrown [s\open\src\hotspot\share\interpreter\linkResolver.cpp, line 840]
Event: 64.679 Thread 0x000001fbe2462420 Exception <a 'java/lang/NoSuchMethodError'{0x000000008538ef08}: 'java.lang.Object java.lang.invoke.DirectMethodHandle$Holder.invokeStatic(java.lang.Object, java.lang.Object, java.lang.Object, int, int)'> (0x000000008538ef08) 
thrown [s\open\src\hotspot\share\interpreter\linkResolver.cpp, line 773]
Event: 64.680 Thread 0x000001fbe2462420 Exception <a 'java/lang/NoSuchMethodError'{0x0000000085392670}: 'java.lang.Object java.lang.invoke.DirectMethodHandle$Holder.invokeStaticInit(java.lang.Object, java.lang.Object, java.lang.Object, int, int)'> (0x0000000085392670) 
thrown [s\open\src\hotspot\share\interpreter\linkResolver.cpp, line 773]
Event: 64.721 Thread 0x000001fbe2467970 Exception <a 'java/lang/NoSuchMethodError'{0x00000000852e54f8}: 'java.lang.Object java.lang.invoke.DirectMethodHandle$Holder.invokeSpecial(java.lang.Object, java.lang.Object, java.lang.Object, java.lang.Object, java.lang.Object, long)'> (0x00000000852e54f8) 
thrown [s\open\src\hotspot\share\interpreter\linkResolver.cpp, line 773]
Event: 64.721 Thread 0x000001fbe2467970 Exception <a 'java/lang/NoSuchMethodError'{0x00000000852e8c80}: 'java.lang.Object java.lang.invoke.Invokers$Holder.linkToTargetMethod(java.lang.Object, java.lang.Object, java.lang.Object, long, java.lang.Object)'> (0x00000000852e8c80) 
thrown [s\open\src\hotspot\share\interpreter\linkResolver.cpp, line 773]

ZGC Phase Switch (0 events):
No events

VM Operations (20 events):
Event: 27.599 Executing VM operation: Cleanup
Event: 27.599 Executing VM operation: Cleanup done
Event: 33.654 Executing VM operation: Cleanup
Event: 33.654 Executing VM operation: Cleanup done
Event: 36.684 Executing VM operation: Cleanup
Event: 36.684 Executing VM operation: Cleanup done
Event: 44.761 Executing VM operation: Cleanup
Event: 44.761 Executing VM operation: Cleanup done
Event: 48.797 Executing VM operation: Cleanup
Event: 48.797 Executing VM operation: Cleanup done
Event: 60.048 Executing VM operation: HandshakeAllThreads (HandshakeForDeflation)
Event: 60.048 Executing VM operation: HandshakeAllThreads (HandshakeForDeflation) done
Event: 60.048 Executing VM operation: RendezvousGCThreads
Event: 60.048 Executing VM operation: RendezvousGCThreads done
Event: 61.058 Executing VM operation: Cleanup
Event: 61.058 Executing VM operation: Cleanup done
Event: 64.738 Executing VM operation: HandshakeAllThreads (Deoptimize)
Event: 64.738 Executing VM operation: HandshakeAllThreads (Deoptimize) done
Event: 64.738 Executing VM operation: Cleanup
Event: 64.738 Executing VM operation: Cleanup done

Events (20 events):
Event: 10.951 Thread 0x000001fbe2465f30 Thread added: 0x000001fbe2465f30
Event: 10.951 Thread 0x000001fbe2467970 Thread added: 0x000001fbe2467970
Event: 10.951 Thread 0x000001fbe2466c50 Thread added: 0x000001fbe2466c50
Event: 10.951 Thread 0x000001fbe2468d20 Thread added: 0x000001fbe2468d20
Event: 10.952 Thread 0x000001fbe24693b0 Thread added: 0x000001fbe24693b0
Event: 10.952 Thread 0x000001fbe24672e0 Thread added: 0x000001fbe24672e0
Event: 10.952 Thread 0x000001fbe2465210 Thread added: 0x000001fbe2465210
Event: 10.952 Thread 0x000001fbe2468690 Thread added: 0x000001fbe2468690
Event: 10.952 Thread 0x000001fbe2462ab0 Thread added: 0x000001fbe2462ab0
Event: 10.952 Thread 0x000001fbe24637d0 Thread added: 0x000001fbe24637d0
Event: 10.975 Thread 0x000001fbe24644f0 Thread added: 0x000001fbe24644f0
Event: 10.978 Thread 0x000001fbe2462420 Thread added: 0x000001fbe2462420
Event: 11.336 Thread 0x000001fb977299c0 Thread exited: 0x000001fb977299c0
Event: 11.382 Thread 0x000001fb977299c0 Thread added: 0x000001fb977299c0
Event: 11.573 Thread 0x000001fbdd6367b0 Thread exited: 0x000001fbdd6367b0
Event: 11.575 Thread 0x000001fbddad29a0 Thread exited: 0x000001fbddad29a0
Event: 11.575 Thread 0x000001fbf6e8ef00 Thread exited: 0x000001fbf6e8ef00
Event: 11.575 Thread 0x000001fbe24658a0 Thread added: 0x000001fbe24658a0
Event: 11.942 Thread 0x000001fb977299c0 Thread exited: 0x000001fb977299c0
Event: 12.175 Thread 0x000001fbde89f670 Thread exited: 0x000001fbde89f670


Dynamic libraries:
0x00007ff6e3170000 - 0x00007ff6e3180000 	C:\Program Files\Java\jdk-21\bin\java.exe
0x00007ffdbebb0000 - 0x00007ffdbeda8000 	C:\WINDOWS\SYSTEM32\ntdll.dll
0x00007ffdbd0b0000 - 0x00007ffdbd172000 	C:\WINDOWS\System32\KERNEL32.DLL
0x00007ffdbc7b0000 - 0x00007ffdbcaaf000 	C:\WINDOWS\System32\KERNELBASE.dll
0x00007ffdb96d0000 - 0x00007ffdb9764000 	C:\WINDOWS\SYSTEM32\apphelp.dll
0x00007ffdbc680000 - 0x00007ffdbc780000 	C:\WINDOWS\System32\ucrtbase.dll
0x00007ffdac020000 - 0x00007ffdac03b000 	C:\Program Files\Java\jdk-21\bin\VCRUNTIME140.dll
0x00007ffdb98f0000 - 0x00007ffdb9909000 	C:\Program Files\Java\jdk-21\bin\jli.dll
0x00007ffdbe020000 - 0x00007ffdbe0cf000 	C:\WINDOWS\System32\ADVAPI32.dll
0x00007ffdbcf60000 - 0x00007ffdbcffe000 	C:\WINDOWS\System32\msvcrt.dll
0x00007ffdbddb0000 - 0x00007ffdbde4f000 	C:\WINDOWS\System32\sechost.dll
0x00007ffdbd9d0000 - 0x00007ffdbdaf3000 	C:\WINDOWS\System32\RPCRT4.dll
0x00007ffdbc780000 - 0x00007ffdbc7a7000 	C:\WINDOWS\System32\bcrypt.dll
0x00007ffdbd350000 - 0x00007ffdbd4ed000 	C:\WINDOWS\System32\USER32.dll
0x00007ffdbc300000 - 0x00007ffdbc322000 	C:\WINDOWS\System32\win32u.dll
0x00007ffdbcf30000 - 0x00007ffdbcf5b000 	C:\WINDOWS\System32\GDI32.dll
0x00007ffdaa4c0000 - 0x00007ffdaa75a000 	C:\WINDOWS\WinSxS\amd64_microsoft.windows.common-controls_6595b64144ccf1df_6.0.19041.4355_none_60b8b9eb71f62e16\COMCTL32.dll
0x00007ffdbcab0000 - 0x00007ffdbcbca000 	C:\WINDOWS\System32\gdi32full.dll
0x00007ffdbc500000 - 0x00007ffdbc59d000 	C:\WINDOWS\System32\msvcp_win.dll
0x00007ffdb2a10000 - 0x00007ffdb2a1a000 	C:\WINDOWS\SYSTEM32\VERSION.dll
0x00007ffdbdd80000 - 0x00007ffdbddaf000 	C:\WINDOWS\System32\IMM32.DLL
0x00007ffdac630000 - 0x00007ffdac63c000 	C:\Program Files\Java\jdk-21\bin\vcruntime140_1.dll
0x00007ffd7a210000 - 0x00007ffd7a29e000 	C:\Program Files\Java\jdk-21\bin\msvcp140.dll
0x00007ffd64240000 - 0x00007ffd64f5a000 	C:\Program Files\Java\jdk-21\bin\server\jvm.dll
0x00007ffdbdbd0000 - 0x00007ffdbdc3b000 	C:\WINDOWS\System32\WS2_32.dll
0x00007ffdbc0b0000 - 0x00007ffdbc0fb000 	C:\WINDOWS\SYSTEM32\POWRPROF.dll
0x00007ffda91e0000 - 0x00007ffda9207000 	C:\WINDOWS\SYSTEM32\WINMM.dll
0x00007ffdbc090000 - 0x00007ffdbc0a2000 	C:\WINDOWS\SYSTEM32\UMPDC.dll
0x00007ffdba0f0000 - 0x00007ffdba102000 	C:\WINDOWS\SYSTEM32\kernel.appcore.dll
0x00007ffdac350000 - 0x00007ffdac35a000 	C:\Program Files\Java\jdk-21\bin\jimage.dll
0x00007ffda93c0000 - 0x00007ffda95a4000 	C:\WINDOWS\SYSTEM32\DBGHELP.DLL
0x00007ffd9c8b0000 - 0x00007ffd9c8e4000 	C:\WINDOWS\SYSTEM32\dbgcore.DLL
0x00007ffdbc5f0000 - 0x00007ffdbc672000 	C:\WINDOWS\System32\bcryptPrimitives.dll
0x00007ffdb8ee0000 - 0x00007ffdb8eef000 	C:\Program Files\Java\jdk-21\bin\instrument.dll
0x00007ffdab5a0000 - 0x00007ffdab5bf000 	C:\Program Files\Java\jdk-21\bin\java.dll
0x00007ffdbe1b0000 - 0x00007ffdbe91d000 	C:\WINDOWS\System32\SHELL32.dll
0x00007ffdba2f0000 - 0x00007ffdbaa93000 	C:\WINDOWS\SYSTEM32\windows.storage.dll
0x00007ffdbcbd0000 - 0x00007ffdbcf25000 	C:\WINDOWS\System32\combase.dll
0x00007ffdbbbb0000 - 0x00007ffdbbbdb000 	C:\WINDOWS\SYSTEM32\Wldp.dll
0x00007ffdbdb00000 - 0x00007ffdbdbcd000 	C:\WINDOWS\System32\OLEAUT32.dll
0x00007ffdbe920000 - 0x00007ffdbe9cd000 	C:\WINDOWS\System32\SHCORE.dll
0x00007ffdbe150000 - 0x00007ffdbe1a5000 	C:\WINDOWS\System32\shlwapi.dll
0x00007ffdbc180000 - 0x00007ffdbc1a5000 	C:\WINDOWS\SYSTEM32\profapi.dll
0x00007ffd85e40000 - 0x00007ffd85f17000 	C:\Program Files\Java\jdk-21\bin\jsvml.dll
0x00007ffda7d40000 - 0x00007ffda7d58000 	C:\Program Files\Java\jdk-21\bin\zip.dll
0x00007ffdac530000 - 0x00007ffdac540000 	C:\Program Files\java\jdk-21\bin\net.dll
0x00007ffdb6d30000 - 0x00007ffdb6e3a000 	C:\WINDOWS\SYSTEM32\WINHTTP.dll
0x00007ffdbb910000 - 0x00007ffdbb97c000 	C:\WINDOWS\system32\mswsock.dll
0x00007ffda7d60000 - 0x00007ffda7d76000 	C:\Program Files\java\jdk-21\bin\nio.dll
0x00007ffdb7dc0000 - 0x00007ffdb7dda000 	C:\Program Files\JetBrains\IntelliJ IDEA Community Edition 2024.3.2.2\bin\breakgen64.dll
0x00007ffdaaf60000 - 0x00007ffdaaf69000 	C:\Program Files\java\jdk-21\bin\extnet.dll
0x00007ffdb7e60000 - 0x00007ffdb7e6a000 	C:\Program Files\java\jdk-21\bin\management.dll
0x00007ffdb7e40000 - 0x00007ffdb7e4b000 	C:\Program Files\java\jdk-21\bin\management_ext.dll
0x00007ffdbe000000 - 0x00007ffdbe008000 	C:\WINDOWS\System32\PSAPI.DLL
0x00007ffdb6fa0000 - 0x00007ffdb6fb0000 	C:\Program Files\Java\jdk-21\bin\verify.dll
0x00007ffdac520000 - 0x00007ffdac52e000 	C:\Program Files\java\jdk-21\bin\sunmscapi.dll
0x00007ffdbc330000 - 0x00007ffdbc48c000 	C:\WINDOWS\System32\CRYPT32.dll
0x00007ffdbbc20000 - 0x00007ffdbbc47000 	C:\WINDOWS\SYSTEM32\ncrypt.dll
0x00007ffdbbbe0000 - 0x00007ffdbbc1b000 	C:\WINDOWS\SYSTEM32\NTASN1.dll
0x00007ffdbbb00000 - 0x00007ffdbbb18000 	C:\WINDOWS\SYSTEM32\CRYPTSP.dll
0x00007ffdbb230000 - 0x00007ffdbb268000 	C:\WINDOWS\system32\rsaenh.dll
0x00007ffdbc100000 - 0x00007ffdbc12e000 	C:\WINDOWS\SYSTEM32\USERENV.dll
0x00007ffdbbb20000 - 0x00007ffdbbb2c000 	C:\WINDOWS\SYSTEM32\CRYPTBASE.dll
0x00007ffdbb5f0000 - 0x00007ffdbb62b000 	C:\WINDOWS\SYSTEM32\IPHLPAPI.DLL
0x00007ffdbe010000 - 0x00007ffdbe018000 	C:\WINDOWS\System32\NSI.dll
0x00007ffd5d9f0000 - 0x00007ffd5d9f7000 	C:\WINDOWS\system32\wshunix.dll

dbghelp: loaded successfully - version: 4.0.5 - missing functions: none
symbol engine: initialized successfully - sym options: 0x614 - pdb path: .;C:\Program Files\Java\jdk-21\bin;C:\WINDOWS\SYSTEM32;C:\WINDOWS\WinSxS\amd64_microsoft.windows.common-controls_6595b64144ccf1df_6.0.19041.4355_none_60b8b9eb71f62e16;C:\Program Files\Java\jdk-21\bin\server;C:\Program Files\JetBrains\IntelliJ IDEA Community Edition 2024.3.2.2\bin

VM Arguments:
jvm_args: -javaagent:C:\Program Files\JetBrains\IntelliJ IDEA Community Edition 2024.3.2.2\lib\idea_rt.jar=53032:C:\Program Files\JetBrains\IntelliJ IDEA Community Edition 2024.3.2.2\bin -Dfile.encoding=UTF-8 -Dsun.stdout.encoding=UTF-8 -Dsun.stderr.encoding=UTF-8 
java_command: com.api.boleteria.MiApplicationImpl
java_class_path (initial): C:\Users\usuario\Downloads\cinepass-v2\target\classes;C:\Users\usuario\.m2\repository\org\springframework\boot\spring-boot-starter-data-jpa\3.5.0\spring-boot-starter-data-jpa-3.5.0.jar;C:\Users\usuario\.m2\repository\org\springframework\boot\spring-boot-starter\3.5.0\spring-boot-starter-3.5.0.jar;C:\Users\usuario\.m2\repository\org\springframework\boot\spring-boot-starter-logging\3.5.0\spring-boot-starter-logging-3.5.0.jar;C:\Users\usuario\.m2\repository\ch\qos\logback\logback-classic\1.5.18\logback-classic-1.5.18.jar;C:\Users\usuario\.m2\repository\ch\qos\logback\logback-core\1.5.18\logback-core-1.5.18.jar;C:\Users\usuario\.m2\repository\org\apache\logging\log4j\log4j-to-slf4j\2.24.3\log4j-to-slf4j-2.24.3.jar;C:\Users\usuario\.m2\repository\org\apache\logging\log4j\log4j-api\2.24.3\log4j-api-2.24.3.jar;C:\Users\usuario\.m2\repository\org\slf4j\jul-to-slf4j\2.0.17\jul-to-slf4j-2.0.17.jar;C:\Users\usuario\.m2\repository\jakarta\annotation\jakarta.annotation-api\2.1.1\jakarta.annotation-api-2.1.1.jar;C:\Users\usuario\.m2\repository\org\yaml\snakeyaml\2.4\snakeyaml-2.4.jar;C:\Users\usuario\.m2\repository\org\springframework\boot\spring-boot-starter-jdbc\3.5.0\spring-boot-starter-jdbc-3.5.0.jar;C:\Users\usuario\.m2\repository\com\zaxxer\HikariCP\6.3.0\HikariCP-6.3.0.jar;C:\Users\usuario\.m2\repository\org\springframework\spring-jdbc\6.2.7\spring-jdbc-6.2.7.jar;C:\Users\usuario\.m2\repository\org\hibernate\orm\hibernate-core\6.6.15.Final\hibernate-core-6.6.15.Final.jar;C:\Users\usuario\.m2\repository\jakarta\persistence\jakarta.persistence-api\3.1.0\jakarta.persistence-api-3.1.0.jar;C:\Users\usuario\.m2\repository\jakarta\transaction\jakarta.transaction-api\2.0.1\jakarta.transaction-api-2.0.1.jar;C:\Users\usuario\.m2\repository\org\jboss\logging\jboss-logging\3.6.1.Final\jboss-logging-3.6.1.Final.jar;C:\Users\usuario\.m2\repository\org\hibernate\common\hibernate-commons-annotations\7.0.3.Final\hibernate-commons-annotations-7.0.3.Final.jar;C:\Users\usuario\.m2\repository\io\smallrye\jandex\3.2.0\jandex-3.2.0.jar;C:\Users\usuario\.m2\repository\com\fasterxml\classmate\1.7.0\classmate-1.7.0.jar;C:\Users\usuario\.m2\repository\net\bytebuddy\byte-buddy\1.17.5\byte-buddy-1.17.5.jar;C:\Users\usuario\.m2\repository\org\glassfish\jaxb\jaxb-runtime\4.0.5\jaxb-runtime-4.0.5.jar;C:\Users\usuario\.m2\repository\org\glassfish\jaxb\jaxb-core\4.0.5\jaxb-core-4.0.5.jar;C:\Users\usuario\.m2\repository\org\eclipse\angus\angus-activation\2.0.2\angus-activation-2.0.2.jar;C:\Users\usuario\.m2\repository\org\glassfish\jaxb\txw2\4.0.5\txw2-4.0.5.jar;C:\Users\usuario\.m2\repository\com\sun\istack\istack-commons-runtime\4.1.2\istack-commons-runtime-4.1.2.jar;C:\Users\usuario\.m2\repository\jakarta\inject\jakarta.inject-api\2.0.1\jakarta.inject-api-2.0.1.jar;C:\Users\usuario\.m2\repository\org\antlr\antlr4-runtime\4.13.0\antlr4-runtime-4.13.0.jar;C:\Users\usuario\.m2\repository\org\springframework\data\spring-data-jpa\3.5.0\spring-data-jpa-3.5.0.jar;C:\Users\usuario\.m2\repository\org\springframework\data\spring-data-commons\3.5.0\spring-data-commons-3.5.0.jar;C:\Users\usuario\.m2\repository\org\springframework\spring-orm\6.2.7\spring-orm-6.2.7.jar;C:\Users\usuario\.m2\repository\org\springframework\spring-context\6.2.7\spring-context-6.2.7.jar;C:\Users\usuario\.m2\repository\org\springframework\spring-tx\6.2.7\spring-tx-6.2.7.jar;C:\Users\usuario\.m2\repository\org\springframework\spring-beans\6.2.7\spring-beans-6.2.7.jar;C:\Users\usuario\.m2\repository\org\slf4j\slf4j-api\2.0.17\slf4j-api-2.0.17.jar;C:\Users\usuario\.m2\repository\org\springframework\spring-aspects\6.2.7\spring-aspects-6.2.7.jar;C:\Users\usuario\.m2\repository\org\aspectj\aspectjweaver\1.9.24\aspectjweaver-1.9.24.jar;C:\Users\usuario\.m2\repository\org\springframework\boot\spring-boot-starter-security\3.5.0\spring-boot-starter-security-3.5.0.jar;C:\Users\usuario\.m2\repository\org\springframework\spring-aop\6.2.7\spring-aop-6.2.7.jar;C:\Users\usuario\.m2\repository\org\springframework\security\spring-security-config\6.5.0\spring-security-config-6.5.0.jar;C:\Users\usuario\.m2\repository\org\springframework\security\spring-security-web\6.5.0\spring-security-web-6.5.0.jar;C:\Users\usuario\.m2\repository\org\springframework\spring-expression\6.2.7\spring-expression-6.2.7.jar;C:\Users\usuario\.m2\repository\org\springframework\boot\spring-boot-starter-validation\3.5.0\spring-boot-starter-validation-3.5.0.jar;C:\Users\usuario\.m2\repository\org\apache\tomcat\embed\tomcat-embed-el\10.1.41\tomcat-embed-el-10.1.41.jar;C:\Users\usuario\.m2\repository\org\hibernate\validator\hibernate-validator\8.0.2.Final\hibernate-validator-8.0.2.Final.jar;C:\Users\usuario\.m2\repository\jakarta\validation\jakarta.validation-api\3.0.2\jakarta.validation-api-3.0.2.jar;C:\Users\usuario\.m2\repository\org\springframework\boot\spring-boot-starter-web\3.5.0\spring-boot-starter-web-3.5.0.jar;C:\Users\usuario\.m2\repository\org\springframework\boot\spring-boot-starter-json\3.5.0\spring-boot-starter-json-3.5.0.jar;C:\Users\usuario\.m2\repository\com\fasterxml\jackson\datatype\jackson-datatype-jdk8\2.19.0\jackson-datatype-jdk8-2.19.0.jar;C:\Users\usuario\.m2\repository\com\fasterxml\jackson\datatype\jackson-datatype-jsr310\2.19.0\jackson-datatype-jsr310-2.19.0.jar;C:\Users\usuario\.m2\repository\com\fasterxml\jackson\module\jackson-module-parameter-names\2.19.0\jackson-module-parameter-names-2.19.0.jar;C:\Users\usuario\.m2\repository\org\springframework\boot\spring-boot-starter-tomcat\3.5.0\spring-boot-starter-tomcat-3.5.0.jar;C:\Users\usuario\.m2\repository\org\apache\tomcat\embed\tomcat-embed-core\10.1.41\tomcat-embed-core-10.1.41.jar;C:\Users\usuario\.m2\repository\org\apache\tomcat\embed\tomcat-embed-websocket\10.1.41\tomcat-embed-websocket-10.1.41.jar;C:\Users\usuario\.m2\repository\org\springframework\spring-web\6.2.7\spring-web-6.2.7.jar;C:\Users\usuario\.m2\repository\io\micrometer\micrometer-observation\1.15.0\micrometer-observation-1.15.0.jar;C:\Users\usuario\.m2\repository\io\micrometer\micrometer-commons\1.15.0\micrometer-commons-1.15.0.jar;C:\Users\usuario\.m2\repository\org\springframework\spring-webmvc\6.2.7\spring-webmvc-6.2.7.jar;C:\Users\usuario\.m2\repository\org\springframework\boot\spring-boot-devtools\3.5.0\spring-boot-devtools-3.5.0.jar;C:\Users\usuario\.m2\repository\org\springframework\boot\spring-boot\3.5.0\spring-boot-3.5.0.jar;C:\Users\usuario\.m2\repository\org\springframework\boot\spring-boot-autoconfigure\3.5.0\spring-boot-autoconfigure-3.5.0.jar;C:\Users\usuario\.m2\repository\com\mysql\mysql-connector-j\9.2.0\mysql-connector-j-9.2.0.jar;C:\Users\usuario\.m2\repository\jakarta\xml\bind\jakarta.xml.bind-api\4.0.2\jakarta.xml.bind-api-4.0.2.jar;C:\Users\usuario\.m2\repository\jakarta\activation\jakarta.activation-api\2.1.3\jakarta.activation-api-2.1.3.jar;C:\Users\usuario\.m2\repository\org\ow2\asm\asm\9.7.1\asm-9.7.1.jar;C:\Users\usuario\.m2\repository\org\hamcrest\hamcrest\3.0\hamcrest-3.0.jar;C:\Users\usuario\.m2\repository\org\springframework\spring-core\6.2.7\spring-core-6.2.7.jar;C:\Users\usuario\.m2\repository\org\springframework\spring-jcl\6.2.7\spring-jcl-6.2.7.jar;C:\Users\usuario\.m2\repository\org\springframework\security\spring-security-core\6.5.0\spring-security-core-6.5.0.jar;C:\Users\usuario\.m2\repository\org\springframework\security\spring-security-crypto\6.5.0\spring-security-crypto-6.5.0.jar;C:\Users\usuario\.m2\repository\io\jsonwebtoken\jjwt-api\0.11.5\jjwt-api-0.11.5.jar;C:\Users\usuario\.m2\repository\io\jsonwebtoken\jjwt-impl\0.11.5\jjwt-impl-0.11.5.jar;C:\Users\usuario\.m2\repository\io\jsonwebtoken\jjwt-jackson\0.11.5\jjwt-jackson-0.11.5.jar;C:\Users\usuario\.m2\repository\com\fasterxml\jackson\core\jackson-databind\2.19.0\jackson-databind-2.19.0.jar;C:\Users\usuario\.m2\repository\com\fasterxml\jackson\core\jackson-annotations\2.19.0\jackson-annotations-2.19.0.jar;C:\Users\usuario\.m2\repository\com\fasterxml\jackson\core\jackson-core\2.19.0\jackson-core-2.19.0.jar;C:\Users\usuario\.m2\repository\com\mercadopago\sdk-java\2.1.7\sdk-java-2.1.7.jar;C:\Users\usuario\.m2\repository\org\apache\maven\plugins\maven-javadoc-plugin\3.3.2\maven-javadoc-plugin-3.3.2.jar;C:\Users\usuario\.m2\repository\org\apache\maven\maven-core\3.0\maven-core-3.0.jar;C:\Users\usuario\.m2\repository\org\apache\maven\maven-settings-builder\3.0\maven-settings-builder-3.0.jar;C:\Users\usuario\.m2\repository\org\apache\maven\maven-repository-metadata\3.0\maven-repository-metadata-3.0.jar;C:\Users\usuario\.m2\repository\org\apache\maven\maven-model-builder\3.0\maven-model-builder-3.0.jar;C:\Users\usuario\.m2\repository\org\apache\maven\maven-aether-provider\3.0\maven-aether-provider-3.0.jar;C:\Users\usuario\.m2\repository\org\sonatype\aether\aether-impl\1.7\aether-impl-1.7.jar;C:\Users\usuario\.m2\repository\org\sonatype\aether\aether-spi\1.7\aether-spi-1.7.jar;C:\Users\usuario\.m2\repository\org\sonatype\aether\aether-api\1.7\aether-api-1.7.jar;C:\Users\usuario\.m2\repository\org\sonatype\aether\aether-util\1.7\aether-util-1.7.jar;C:\Users\usuario\.m2\repository\org\sonatype\sisu\sisu-inject-plexus\1.4.2\sisu-inject-plexus-1.4.2.jar;C:\Users\usuario\.m2\repository\org\sonatype\sisu\sisu-inject-bean\1.4.2\sisu-inject-bean-1.4.2.jar;C:\Users\usuario\.m2\repository\org\sonatype\sisu\sisu-guice\2.1.7\sisu-guice-2.1.7-noaop.jar;C:\Users\usuario\.m2\repository\org\codehaus\plexus\plexus-interpolation\1.14\plexus-interpolation-1.14.jar;C:\Users\usuario\.m2\repository\org\codehaus\plexus\plexus-classworlds\2.2.3\plexus-classworlds-2.2.3.jar;C:\Users\usuario\.m2\repository\org\codehaus\plexus\plexus-component-annotations\1.5.5\plexus-component-annotations-1.5.5.jar;C:\Users\usuario\.m2\repository\org\sonatype\plexus\plexus-sec-dispatcher\1.3\plexus-sec-dispatcher-1.3.jar;C:\Users\usuario\.m2\repository\org\sonatype\plexus\plexus-cipher\1.4\plexus-cipher-1.4.jar;C:\Users\usuario\.m2\repository\org\apache\maven\maven-model\3.0\maven-model-3.0.jar;C:\Users\usuario\.m2\repository\org\apache\maven\maven-settings\3.0\maven-settings-3.0.jar;C:\Users\usuario\.m2\repository\org\apache\maven\maven-plugin-api\3.0\maven-plugin-api-3.0.jar;C:\Users\usuario\.m2\repository\org\apache\maven\maven-artifact\3.0\maven-artifact-3.0.jar;C:\Users\usuario\.m2\repository\org\apache\maven\reporting\maven-reporting-api\3.1.0\maven-reporting-api-3.1.0.jar;C:\Users\usuario\.m2\repository\org\apache\maven\maven-archiver\3.5.1\maven-archiver-3.5.1.jar;C:\Users\usuario\.m2\repository\org\apache\maven\shared\maven-shared-utils\3.3.3\maven-shared-utils-3.3.3.jar;C:\Users\usuario\.m2\repository\org\apache\maven\shared\maven-invoker\3.1.0\maven-invoker-3.1.0.jar;C:\Users\usuario\.m2\repository\javax\inject\javax.inject\1\javax.inject-1.jar;C:\Users\usuario\.m2\repository\org\apache\maven\shared\maven-common-artifact-filters\3.1.1\maven-common-artifact-filters-3.1.1.jar;C:\Users\usuario\.m2\repository\org\apache\maven\shared\maven-artifact-transfer\0.13.1\maven-artifact-transfer-0.13.1.jar;C:\Users\usuario\.m2\repository\org\apache\maven\doxia\doxia-sink-api\1.11.1\doxia-sink-api-1.11.1.jar;C:\Users\usuario\.m2\repository\org\apache\maven\doxia\doxia-logging-api\1.11.1\doxia-logging-api-1.11.1.jar;C:\Users\usuario\.m2\repository\org\apache\maven\doxia\doxia-site-renderer\1.11.1\doxia-site-renderer-1.11.1.jar;C:\Users\usuario\.m2\repository\org\apache\maven\doxia\doxia-core\1.11.1\doxia-core-1.11.1.jar;C:\Users\usuario\.m2\repository\org\apache\maven\doxia\doxia-decoration-model\1.11.1\doxia-decoration-model-1.11.1.jar;C:\Users\usuario\.m2\repository\org\apache\maven\doxia\doxia-skin-model\1.11.1\doxia-skin-model-1.11.1.jar;C:\Users\usuario\.m2\repository\org\apache\maven\doxia\doxia-module-xhtml\1.11.1\doxia-module-xhtml-1.11.1.jar;C:\Users\usuario\.m2\repository\org\apache\maven\doxia\doxia-module-xhtml5\1.11.1\doxia-module-xhtml5-1.11.1.jar;C:\Users\usuario\.m2\repository\org\codehaus\plexus\plexus-i18n\1.0-beta-10\plexus-i18n-1.0-beta-10.jar;C:\Users\usuario\.m2\repository\org\codehaus\plexus\plexus-container-default\1.0-alpha-30\plexus-container-default-1.0-alpha-30.jar;C:\Users\usuario\.m2\repository\junit\junit\4.13.2\junit-4.13.2.jar;C:\Users\usuario\.m2\repository\org\hamcrest\hamcrest-core\3.0\hamcrest-core-3.0.jar;C:\Users\usuario\.m2\repository\org\codehaus\plexus\plexus-velocity\1.2\plexus-velocity-1.2.jar;C:\Users\usuario\.m2\repository\org\apache\velocity\velocity\1.7\velocity-1.7.jar;C:\Users\usuario\.m2\repository\commons-lang\commons-lang\2.4\commons-lang-2.4.jar;C:\Users\usuario\.m2\repository\org\apache\velocity\velocity-tools\2.0\velocity-tools-2.0.jar;C:\Users\usuario\.m2\repository\commons-beanutils\commons-beanutils\1.7.0\commons-beanutils-1.7.0.jar;C:\Users\usuario\.m2\repository\commons-digester\commons-digester\1.8\commons-digester-1.8.jar;C:\Users\usuario\.m2\repository\commons-chain\commons-chain\1.1\commons-chain-1.1.jar;C:\Users\usuario\.m2\repository\dom4j\dom4j\1.1\dom4j-1.1.jar;C:\Users\usuario\.m2\repository\oro\oro\2.0.8\oro-2.0.8.jar;C:\Users\usuario\.m2\repository\commons-collections\commons-collections\3.2.2\commons-collections-3.2.2.jar;C:\Users\usuario\.m2\repository\org\apache\maven\wagon\wagon-provider-api\2.4\wagon-provider-api-2.4.jar;C:\Users\usuario\.m2\repository\org\apache\commons\commons-lang3\3.17.0\commons-lang3-3.17.0.jar;C:\Users\usuario\.m2\repository\org\apache\commons\commons-text\1.9\commons-text-1.9.jar;C:\Users\usuario\.m2\repository\org\apache\httpcomponents\httpcore\4.4.16\httpcore-4.4.16.jar;C:\Users\usuario\.m2\repository\com\thoughtworks\qdox\qdox\2.0.1\qdox-2.0.1.jar;C:\Users\usuario\.m2\repository\org\codehaus\plexus\plexus-java\1.1.0\plexus-java-1.1.0.jar;C:\Users\usuario\.m2\repository\org\codehaus\plexus\plexus-archiver\4.2.6\plexus-archiver-4.2.6.jar;C:\Users\usuario\.m2\repository\org\apache\commons\commons-compress\1.21\commons-compress-1.21.jar;C:\Users\usuario\.m2\repository\org\iq80\snappy\snappy\0.4\snappy-0.4.jar;C:\Users\usuario\.m2\repository\org\tukaani\xz\1.9\xz-1.9.jar;C:\Users\usuario\.m2\repository\org\codehaus\plexus\plexus-io\3.2.0\plexus-io-3.2.0.jar;C:\Users\usuario\.m2\repository\org\codehaus\plexus\plexus-utils\3.3.0\plexus-utils-3.3.0.jar;C:\Users\usuario\.m2\repository\commons-io\commons-io\2.11.0\commons-io-2.11.0.jar;C:\Users\usuario\.m2\repository\org\codehaus\plexus\plexus-interactivity-api\1.1\plexus-interactivity-api-1.1.jar;C:\Users\usuario\.m2\repository\org\apache\httpcomponents\httpclient\4.5.13\httpclient-4.5.13.jar;C:\Users\usuario\.m2\repository\commons-logging\commons-logging\1.2\commons-logging-1.2.jar;C:\Users\usuario\.m2\repository\commons-codec\commons-codec\1.18.0\commons-codec-1.18.0.jar;C:\Users\usuario\.m2\repository\com\google\code\gson\gson\2.13.1\gson-2.13.1.jar;C:\Users\usuario\.m2\repository\com\google\errorprone\error_prone_annotations\2.38.0\error_prone_annotations-2.38.0.jar
Launcher Type: SUN_STANDARD

[Global flags]
     intx CICompilerCount                          = 3                                         {product} {ergonomic}
     uint ConcGCThreads                            = 1                                         {product} {ergonomic}
     uint G1ConcRefinementThreads                  = 4                                         {product} {ergonomic}
   size_t G1HeapRegionSize                         = 1048576                                   {product} {ergonomic}
    uintx GCDrainStackTargetSize                   = 64                                        {product} {ergonomic}
   size_t InitialHeapSize                          = 134217728                                 {product} {ergonomic}
   size_t MarkStackSize                            = 4194304                                   {product} {ergonomic}
   size_t MaxHeapSize                              = 2122317824                                {product} {ergonomic}
   size_t MaxNewSize                               = 1272971264                                {product} {ergonomic}
   size_t MinHeapDeltaBytes                        = 1048576                                   {product} {ergonomic}
   size_t MinHeapSize                              = 8388608                                   {product} {ergonomic}
    uintx NonNMethodCodeHeapSize                   = 5832780                                {pd product} {ergonomic}
    uintx NonProfiledCodeHeapSize                  = 122912730                              {pd product} {ergonomic}
    uintx ProfiledCodeHeapSize                     = 122912730                              {pd product} {ergonomic}
    uintx ReservedCodeCacheSize                    = 251658240                              {pd product} {ergonomic}
     bool SegmentedCodeCache                       = true                                      {product} {ergonomic}
   size_t SoftMaxHeapSize                          = 2122317824                             {manageable} {ergonomic}
     bool UseCompressedOops                        = true                           {product lp64_product} {ergonomic}
     bool UseG1GC                                  = true                                      {product} {ergonomic}
     bool UseLargePagesIndividualAllocation        = false                                  {pd product} {ergonomic}

Logging:
Log output configuration:
 #0: stdout all=warning uptime,level,tags foldmultilines=false
 #1: stderr all=off uptime,level,tags foldmultilines=false

Environment Variables:
JAVA_HOME=C:\Program Files\java\jdk-19.0.1
PATH=C:\Program Files\Common Files\Oracle\Java\javapath;C:\Program Files\CodeBlocks\MinGW;C:\Program Files\java\jdk-19.0.1\bin;C:\Program Files\dotnet\;C:\Program Files\Microsoft SQL Server\120\Tools\Binn\;C:\Program Files\Common Files\Autodesk Shared\;C:\Users\usuario\Documents\apache-maven-3.9.5\bin;C:\Program Files\Inkscape\bin;C:\Program Files\nodejs\;C:\Users\usuario\AppData\Local\Programs\Python\Python312\Scripts\;C:\Users\usuario\AppData\Local\Programs\Python\Python312\;C:\Users\usuario\AppData\Local\Programs\Python\Python311\Scripts\;C:\Users\usuario\AppData\Local\Programs\Python\Python311\;C:\Users\usuario\AppData\Local\Microsoft\WindowsApps;C:\Users\usuario\AppData\Local\Programs\Microsoft VS Code\bin;C:\Users\usuario\AppData\Local\Programs\Git\cmd;C:\Users\usuario\AppData\Roaming\npm
USERNAME=usuario
OS=Windows_NT
PROCESSOR_IDENTIFIER=Intel64 Family 6 Model 60 Stepping 3, GenuineIntel
TMP=C:\Users\usuario\AppData\Local\Temp
TEMP=C:\Users\usuario\AppData\Local\Temp




Periodic native trim disabled

---------------  S Y S T E M  ---------------

OS:
 Windows 10 , 64 bit Build 19041 (10.0.19041.5438)
OS uptime: 0 days 2:30 hours

CPU: total 4 (initial active 4) (2 cores per cpu, 2 threads per core) family 6 model 60 stepping 3 microcode 0x27, cx8, cmov, fxsr, ht, mmx, sse, sse2, sse3, ssse3, sse4.1, sse4.2, popcnt, lzcnt, tsc, tscinvbit, avx, avx2, aes, erms, clmul, bmi1, bmi2, fma, vzeroupper, clflush, rdtscp, f16c
Processor Information for all 4 processors :
  Max Mhz: 3700, Current Mhz: 3700, Mhz Limit: 3700

Memory: 4k page, system-wide physical 8092M (563M free)
TotalPageFile size 8604M (AvailPageFile size 5M)
current process WorkingSet (physical memory assigned to process): 261M, peak: 280M
current process commit charge ("private bytes"): 294M, peak: 312M

vm_info: Java HotSpot(TM) 64-Bit Server VM (21.0.6+8-LTS-188) for windows-amd64 JRE (21.0.6+8-LTS-188), built on 2024-12-03T10:50:54Z by "mach5one" with MS VC++ 17.6 (VS2022)

END.
